

<!DOCTYPE html>
<html>
<head>
<meta charset="UTF-8">
<meta name="viewport" content="width=device-width, initial-scale=1, shrink-to-fit=no">
<title>Assignment</title>
<link rel="apple-touch-icon" href="https://cdn.jsdelivr.net/gh/extent-framework/extent-github-cdn@b00a2d0486596e73dd7326beacf352c639623a0e/commons/img/logo.png">
<link rel="shortcut icon" href="https://cdn.jsdelivr.net/gh/extent-framework/extent-github-cdn@b00a2d0486596e73dd7326beacf352c639623a0e/commons/img/logo.png">
<link href="https://cdn.jsdelivr.net/gh/extent-framework/extent-github-cdn@d6562a79075e061305ccfdb82f01e5e195e2d307/spark/css/spark-style.css" rel="stylesheet" />
<link href="https://stackpath.bootstrapcdn.com/font-awesome/4.7.0/css/font-awesome.min.css" rel="stylesheet">
<script src="https://cdn.rawgit.com/extent-framework/extent-github-cdn/7cc78ce/spark/js/jsontree.js"></script>
<style type="text/css"></style></head><body class="spa bdd-report dark">
  <div class="app">
    <div class="layout">
<div class="header navbar">
<div class="vheader">
<div class="nav-logo">
<a href="#">
<div class="logo" style="background-image: url('https://cdn.jsdelivr.net/gh/extent-framework/extent-github-cdn@b00a2d0486596e73dd7326beacf352c639623a0e/commons/img/logo.png')"></div>
</a>
</div>
<ul class="nav-left">
<li class="search-box">
<a class="search-toggle" href="#">
<i class="search-icon fa fa-search"></i>
<i class="search-icon-close fa fa-close"></i>
</a>
</li>
<li class="search-input"><input id="search-tests" class="form-control" type="text" placeholder="Search..."></li>
</ul>
<ul class="nav-right">
<li class="m-r-10">
<a href="#"><span class="badge badge-primary">Assignment by SAZID in guidance of POOJA</span></a>
</li>
<li class="m-r-10">
<a href="#"><span class="badge badge-primary">Jan 7, 2022 03:40:23 pm</span></a>
</li>
</ul>
</div>
</div><div class="side-nav">
<div class="side-nav-inner">
<ul class="side-nav-menu">
<li class="nav-item dropdown" onclick="toggleView('test-view')">
<a id="nav-test" class="dropdown-toggle" href="#">
<span class="ico"><i class="fa fa-list"></i></span>
</a>
</li>
<li class="nav-item dropdown" onclick="toggleView('exception-view')">
<a id="nav-exception" class="dropdown-toggle" href="#">
<span class="ico"><i class="fa fa-bug"></i></span>
</a>
</li>
<li class="nav-item dropdown" onclick="toggleView('category-view')">
<a id="nav-category" class="dropdown-toggle" href="#">
<span class="ico"><i class="fa fa-tag"></i></span>
</a>
</li>
<li class="nav-item dropdown" onclick="toggleView('dashboard-view')">
<a id="nav-dashboard" class="dropdown-toggle" href="#">
<span class="ico"><i class="fa fa-bar-chart"></i></span>
</a>
</li>
</ul>
</div>
</div>      <div class="vcontainer">
        <div class="main-content">
<div class="test-wrapper row view test-view">
  <div class="test-list">
    <div class="test-list-tools">
<ul class="tools pull-left">
<li><a href="#"><span class="font-size-14">Tests</span></a></li>
</ul>
<ul class="tools text-right">
<li class="dropdown">
<a href="#" class="dropdown-toggle" data-toggle="dropdown"><i class="fa fa-exclamation-circle"></i></a>
<ul id="status-toggle" class="dropdown-menu dropdown-md p-v-0">
<a class="dropdown-item" status="fail" href="#"><span>Fail</span><span class="status danger"></span></a>
<div class="dropdown-divider"></div>
<a status="clear" class="dropdown-item" href="#"><span>Clear</span><span class="pull-right"><i class="fa fa-close"></i></span></a>
</ul>
</li>
<li class="dropdown">
<a href="#" class="dropdown-toggle" data-toggle="dropdown"><i class="fa fa-tag"></i></a>
<ul id="tag-toggle" class="dropdown-menu dropdown-md p-v-0">
<a class="dropdown-item" href="#">@Feature01</a><a class="dropdown-item" href="#">@Test01_04</a><a class="dropdown-item" href="#">@Test01_02</a><a class="dropdown-item" href="#">@Test01_01</a><a class="dropdown-item" href="#">@Scenario01</a><a class="dropdown-item" href="#">@Test01_05</a><a class="dropdown-item" href="#">@Test01_06</a><a class="dropdown-item" href="#">@Test01_03</a>
</ul>
</li>
</ul>
</div>    <div class="test-list-wrapper scrollable">
      <ul class="test-list-item">
        <li class="test-item"  status="fail" test-id="2"
          author=""
          tag=""
          device="">
          <div class="test-detail">
            <p class="name">check various functionality of Amazon in Chrome Browser</p>
            <p class="text-sm">
              <span>3:40:25 pm</span> / <span>00:03:15:956</span>
              <span class="badge fail-bg log float-right">Fail</span>
            </p>
          </div>
          <div class="test-contents d-none">
<div class="detail-head">
<div class="p-v-10">
<div class="info">
<h5 class="test-status text-fail">check various functionality of Amazon in Chrome Browser</h5>
<span class='badge badge-success'>01.07.2022 3:40:25 pm</span>
<span class='badge badge-danger'>01.07.2022 3:43:41 pm</span>
<span class='badge badge-default'>00:03:15:956</span>
&middot; <span class='uri-anchor badge badge-default'>#test-id=2</span>
<span class='badge badge-default pointer float-right ml-1 et'><i class="fa fa-chevron-down"></i></span>
<span class='badge badge-default pointer float-right ct'><i class="fa fa-chevron-up"></i></span>
</div>
<div class="m-t-10 m-l-5"></div>
</div>
</div>
<div class="accordion mt-4">
  <div class="card">
    <div class="card-header" role="tab">
      <div class="card-title">
        <div class="node" id="3"><span class="badge log fail-bg mr-2">Fail</span>TO VERIFY CONTINUE AND CREATE ACCOUNT BUTTONS ARE DISPLAYED AND ENABLED</div>
      </div>
    </div>
        <div class="">
          <div class="card-body">
              <div class="step pass-bg" title="ChromeSteps.StepsForChrome.launchBrowser()">
                <span>Given Launch browser</span>
      <div>
      </div>
              </div>
              <div class="step pass-bg" title="ChromeSteps.StepsForChrome.maximizeTheWindow()">
                <span>Then Maximize the window</span>
      <div>
      </div>
              </div>
              <div class="step pass-bg" title="ChromeSteps.StepsForChrome.navigate_to_amazon_home_page()">
                <span>Then Navigate to amazon home page</span>
      <div>
      </div>
              </div>
              <div class="step fail-bg" title="ChromeSteps.StepsForChrome.clickOnTheSignInButton()">
                <span>Then click on the sign-in button</span>
      <div>
        <textarea disabled class="code-block">org.openqa.selenium.NoSuchWindowException: no such window: target window already closed
from unknown error: web view not found
  (Session info: chrome=96.0.4664.110)
Build info: version: '4.1.1', revision: 'e8fcc2cecf'
System info: host: 'LAPTOP-AP1367K9', ip: '192.168.43.191', os.name: 'Windows 10', os.arch: 'amd64', os.version: '10.0', java.version: '15.0.1'
Driver info: org.openqa.selenium.chrome.ChromeDriver
Command: [5c02e03c036ba5d3c356ecf8746d44d4, findElement {using=xpath, value=//*[@id="nav-link-accountList"]}]
Capabilities {acceptInsecureCerts: false, browserName: chrome, browserVersion: 96.0.4664.110, chrome: {chromedriverVersion: 96.0.4664.45 (76e4c1bb2ab46..., userDataDir: C:\Users\Hp\AppData\Local\T...}, goog:chromeOptions: {debuggerAddress: localhost:54555}, javascriptEnabled: true, networkConnectionEnabled: false, pageLoadStrategy: normal, platform: WINDOWS, platformName: WINDOWS, proxy: Proxy(), se:cdp: ws://localhost:54555/devtoo..., se:cdpVersion: 96.0.4664.110, setWindowRect: true, strictFileInteractability: false, timeouts: {implicit: 0, pageLoad: 300000, script: 30000}, unhandledPromptBehavior: dismiss and notify, webauthn:extension:credBlob: true, webauthn:extension:largeBlob: true, webauthn:virtualAuthenticators: true}
Session ID: 5c02e03c036ba5d3c356ecf8746d44d4
	at java.base/jdk.internal.reflect.NativeConstructorAccessorImpl.newInstance0(Native Method)
	at java.base/jdk.internal.reflect.NativeConstructorAccessorImpl.newInstance(NativeConstructorAccessorImpl.java:64)
	at java.base/jdk.internal.reflect.DelegatingConstructorAccessorImpl.newInstance(DelegatingConstructorAccessorImpl.java:45)
	at java.base/java.lang.reflect.Constructor.newInstanceWithCaller(Constructor.java:500)
	at java.base/java.lang.reflect.Constructor.newInstance(Constructor.java:481)
	at org.openqa.selenium.remote.codec.w3c.W3CHttpResponseCodec.createException(W3CHttpResponseCodec.java:200)
	at org.openqa.selenium.remote.codec.w3c.W3CHttpResponseCodec.decode(W3CHttpResponseCodec.java:133)
	at org.openqa.selenium.remote.codec.w3c.W3CHttpResponseCodec.decode(W3CHttpResponseCodec.java:53)
	at org.openqa.selenium.remote.HttpCommandExecutor.execute(HttpCommandExecutor.java:184)
	at org.openqa.selenium.remote.service.DriverCommandExecutor.invokeExecute(DriverCommandExecutor.java:167)
	at org.openqa.selenium.remote.service.DriverCommandExecutor.execute(DriverCommandExecutor.java:142)
	at org.openqa.selenium.remote.RemoteWebDriver.execute(RemoteWebDriver.java:543)
	at org.openqa.selenium.remote.ElementLocation$ElementFinder$2.findElement(ElementLocation.java:162)
	at org.openqa.selenium.remote.ElementLocation.findElement(ElementLocation.java:60)
	at org.openqa.selenium.remote.RemoteWebDriver.findElement(RemoteWebDriver.java:367)
	at org.openqa.selenium.remote.RemoteWebDriver.findElement(RemoteWebDriver.java:359)
	at ChromeSteps.StepsForChrome.clickOnTheSignInButton(StepsForChrome.java:70)
	at ✽.click on the sign-in button(file:///C:/TestNgPractice/Feature_Files/Chrome_TestNG.feature:28)
</textarea>
      
      </div>
              </div>
              <div class="step skip-bg" title="ChromeSteps.StepsForChrome.signInPageComesVerifyContinueButtonIsEnabled()">
                <span>When sign in page comes verify continue button is enabled</span>
      <div>Step skipped
      </div>
              </div>
              <div class="step skip-bg" title="ChromeSteps.StepsForChrome.alsoCheckForCreateAccountButton()">
                <span>And also check for create account button</span>
      <div>Step skipped
      </div>
              </div>
              <div class="step skip-bg" title="ChromeSteps.StepsForChrome.close_browser()">
                <span>Then Close browser</span>
      <div>Step skipped
      </div>
              </div>
          </div>
        </div>
  </div>
  <div class="card">
    <div class="card-header" role="tab">
      <div class="card-title">
        <div class="node" id="5"><span class="badge log fail-bg mr-2">Fail</span>PUT CORRECT MOBILE NO. OR EMAIL AND PASSWORD THEN CHECK LOGIN IS SUCCESSFUL OR NOT</div>
      </div>
    </div>
        <div class="">
          <div class="card-body">
              <div class="step pass-bg" title="ChromeSteps.StepsForChrome.launchBrowser()">
                <span>Given Launch browser</span>
      <div>
      </div>
              </div>
              <div class="step pass-bg" title="ChromeSteps.StepsForChrome.maximizeTheWindow()">
                <span>Then Maximize the window</span>
      <div>
      </div>
              </div>
              <div class="step fail-bg" title="ChromeSteps.StepsForChrome.navigate_to_amazon_home_page()">
                <span>Then Navigate to amazon home page</span>
      <div>
        <textarea disabled class="code-block">org.openqa.selenium.TimeoutException: java.util.concurrent.TimeoutException
Build info: version: '4.1.1', revision: 'e8fcc2cecf'
System info: host: 'LAPTOP-AP1367K9', ip: '192.168.43.191', os.name: 'Windows 10', os.arch: 'amd64', os.version: '10.0', java.version: '15.0.1'
Driver info: org.openqa.selenium.chrome.ChromeDriver
Command: [2bf2931087b11f63287a3d3ac1533f2b, get {url=https://www.amazon.in/}]
Capabilities {acceptInsecureCerts: false, browserName: chrome, browserVersion: 96.0.4664.110, chrome: {chromedriverVersion: 96.0.4664.45 (76e4c1bb2ab46..., userDataDir: C:\Users\Hp\AppData\Local\T...}, goog:chromeOptions: {debuggerAddress: localhost:54556}, javascriptEnabled: true, networkConnectionEnabled: false, pageLoadStrategy: normal, platform: WINDOWS, platformName: WINDOWS, proxy: Proxy(), se:cdp: ws://localhost:54556/devtoo..., se:cdpVersion: 96.0.4664.110, setWindowRect: true, strictFileInteractability: false, timeouts: {implicit: 0, pageLoad: 300000, script: 30000}, unhandledPromptBehavior: dismiss and notify, webauthn:extension:credBlob: true, webauthn:extension:largeBlob: true, webauthn:virtualAuthenticators: true}
Session ID: 2bf2931087b11f63287a3d3ac1533f2b
	at org.openqa.selenium.remote.http.netty.NettyHttpHandler.makeCall(NettyHttpHandler.java:72)
	at org.openqa.selenium.remote.http.RetryRequest.lambda$apply$6(RetryRequest.java:83)
	at net.jodah.failsafe.Functions.lambda$get$0(Functions.java:48)
	at net.jodah.failsafe.RetryPolicyExecutor.lambda$supply$0(RetryPolicyExecutor.java:66)
	at net.jodah.failsafe.RetryPolicyExecutor.lambda$supply$0(RetryPolicyExecutor.java:66)
	at net.jodah.failsafe.RetryPolicyExecutor.lambda$supply$0(RetryPolicyExecutor.java:66)
	at net.jodah.failsafe.Execution.executeSync(Execution.java:128)
	at net.jodah.failsafe.FailsafeExecutor.call(FailsafeExecutor.java:379)
	at net.jodah.failsafe.FailsafeExecutor.get(FailsafeExecutor.java:68)
	at org.openqa.selenium.remote.http.RetryRequest.lambda$apply$7(RetryRequest.java:83)
	at org.openqa.selenium.remote.http.AddSeleniumUserAgent.lambda$apply$0(AddSeleniumUserAgent.java:42)
	at org.openqa.selenium.remote.http.Filter.lambda$andFinally$1(Filter.java:56)
	at org.openqa.selenium.remote.http.netty.NettyHttpHandler.execute(NettyHttpHandler.java:51)
	at org.openqa.selenium.remote.http.RetryRequest.lambda$apply$6(RetryRequest.java:83)
	at net.jodah.failsafe.Functions.lambda$get$0(Functions.java:48)
	at net.jodah.failsafe.RetryPolicyExecutor.lambda$supply$0(RetryPolicyExecutor.java:66)
	at net.jodah.failsafe.RetryPolicyExecutor.lambda$supply$0(RetryPolicyExecutor.java:66)
	at net.jodah.failsafe.RetryPolicyExecutor.lambda$supply$0(RetryPolicyExecutor.java:66)
	at net.jodah.failsafe.Execution.executeSync(Execution.java:128)
	at net.jodah.failsafe.FailsafeExecutor.call(FailsafeExecutor.java:379)
	at net.jodah.failsafe.FailsafeExecutor.get(FailsafeExecutor.java:68)
	at org.openqa.selenium.remote.http.RetryRequest.lambda$apply$7(RetryRequest.java:83)
	at org.openqa.selenium.remote.http.AddSeleniumUserAgent.lambda$apply$0(AddSeleniumUserAgent.java:42)
	at org.openqa.selenium.remote.http.Filter.lambda$andFinally$1(Filter.java:56)
	at org.openqa.selenium.remote.http.netty.NettyClient.execute(NettyClient.java:110)
	at org.openqa.selenium.remote.HttpCommandExecutor.execute(HttpCommandExecutor.java:181)
	at org.openqa.selenium.remote.service.DriverCommandExecutor.invokeExecute(DriverCommandExecutor.java:167)
	at org.openqa.selenium.remote.service.DriverCommandExecutor.execute(DriverCommandExecutor.java:142)
	at org.openqa.selenium.remote.RemoteWebDriver.execute(RemoteWebDriver.java:543)
	at org.openqa.selenium.remote.RemoteWebDriver.get(RemoteWebDriver.java:312)
	at ChromeSteps.StepsForChrome.navigate_to_amazon_home_page(StepsForChrome.java:47)
	at ✽.Navigate to amazon home page(file:///C:/TestNgPractice/Feature_Files/Chrome_TestNG.feature:59)
Caused by: java.util.concurrent.TimeoutException
	at java.base/java.util.concurrent.CompletableFuture.timedGet(CompletableFuture.java:1950)
	at java.base/java.util.concurrent.CompletableFuture.get(CompletableFuture.java:2085)
	at org.asynchttpclient.netty.NettyResponseFuture.get(NettyResponseFuture.java:206)
	at org.openqa.selenium.remote.http.netty.NettyHttpHandler.makeCall(NettyHttpHandler.java:66)
	at org.openqa.selenium.remote.http.RetryRequest.lambda$apply$6(RetryRequest.java:83)
	at net.jodah.failsafe.Functions.lambda$get$0(Functions.java:48)
	at net.jodah.failsafe.RetryPolicyExecutor.lambda$supply$0(RetryPolicyExecutor.java:66)
	at net.jodah.failsafe.RetryPolicyExecutor.lambda$supply$0(RetryPolicyExecutor.java:66)
	at net.jodah.failsafe.RetryPolicyExecutor.lambda$supply$0(RetryPolicyExecutor.java:66)
	at net.jodah.failsafe.Execution.executeSync(Execution.java:128)
	at net.jodah.failsafe.FailsafeExecutor.call(FailsafeExecutor.java:379)
	at net.jodah.failsafe.FailsafeExecutor.get(FailsafeExecutor.java:68)
	at org.openqa.selenium.remote.http.RetryRequest.lambda$apply$7(RetryRequest.java:83)
	at org.openqa.selenium.remote.http.AddSeleniumUserAgent.lambda$apply$0(AddSeleniumUserAgent.java:42)
	at org.openqa.selenium.remote.http.Filter.lambda$andFinally$1(Filter.java:56)
	at org.openqa.selenium.remote.http.netty.NettyHttpHandler.execute(NettyHttpHandler.java:51)
	at org.openqa.selenium.remote.http.RetryRequest.lambda$apply$6(RetryRequest.java:83)
	at net.jodah.failsafe.Functions.lambda$get$0(Functions.java:48)
	at net.jodah.failsafe.RetryPolicyExecutor.lambda$supply$0(RetryPolicyExecutor.java:66)
	at net.jodah.failsafe.RetryPolicyExecutor.lambda$supply$0(RetryPolicyExecutor.java:66)
	at net.jodah.failsafe.RetryPolicyExecutor.lambda$supply$0(RetryPolicyExecutor.java:66)
	at net.jodah.failsafe.Execution.executeSync(Execution.java:128)
	at net.jodah.failsafe.FailsafeExecutor.call(FailsafeExecutor.java:379)
	at net.jodah.failsafe.FailsafeExecutor.get(FailsafeExecutor.java:68)
	at org.openqa.selenium.remote.http.RetryRequest.lambda$apply$7(RetryRequest.java:83)
	at org.openqa.selenium.remote.http.AddSeleniumUserAgent.lambda$apply$0(AddSeleniumUserAgent.java:42)
	at org.openqa.selenium.remote.http.Filter.lambda$andFinally$1(Filter.java:56)
	at org.openqa.selenium.remote.http.netty.NettyClient.execute(NettyClient.java:110)
	at org.openqa.selenium.remote.HttpCommandExecutor.execute(HttpCommandExecutor.java:181)
	at org.openqa.selenium.remote.service.DriverCommandExecutor.invokeExecute(DriverCommandExecutor.java:167)
	at org.openqa.selenium.remote.service.DriverCommandExecutor.execute(DriverCommandExecutor.java:142)
	at org.openqa.selenium.remote.RemoteWebDriver.execute(RemoteWebDriver.java:543)
	at org.openqa.selenium.remote.RemoteWebDriver.get(RemoteWebDriver.java:312)
	at ChromeSteps.StepsForChrome.navigate_to_amazon_home_page(StepsForChrome.java:47)
	at java.base/jdk.internal.reflect.NativeMethodAccessorImpl.invoke0(Native Method)
	at java.base/jdk.internal.reflect.NativeMethodAccessorImpl.invoke(NativeMethodAccessorImpl.java:64)
	at java.base/jdk.internal.reflect.DelegatingMethodAccessorImpl.invoke(DelegatingMethodAccessorImpl.java:43)
	at java.base/java.lang.reflect.Method.invoke(Method.java:564)
	at io.cucumber.java.Invoker.doInvoke(Invoker.java:66)
	at io.cucumber.java.Invoker.invoke(Invoker.java:24)
	at io.cucumber.java.AbstractGlueDefinition.invokeMethod(AbstractGlueDefinition.java:47)
	at io.cucumber.java.JavaStepDefinition.execute(JavaStepDefinition.java:29)
	at io.cucumber.core.runner.CoreStepDefinition.execute(CoreStepDefinition.java:66)
	at io.cucumber.core.runner.PickleStepDefinitionMatch.runStep(PickleStepDefinitionMatch.java:63)
	at io.cucumber.core.runner.ExecutionMode$1.execute(ExecutionMode.java:10)
	at io.cucumber.core.runner.TestStep.executeStep(TestStep.java:86)
	at io.cucumber.core.runner.TestStep.run(TestStep.java:57)
	at io.cucumber.core.runner.PickleStepTestStep.run(PickleStepTestStep.java:51)
	at io.cucumber.core.runner.TestCase.run(TestCase.java:95)
	at io.cucumber.core.runner.Runner.runPickle(Runner.java:75)
	at io.cucumber.testng.TestNGCucumberRunner.lambda$runScenario$1(TestNGCucumberRunner.java:132)
	at io.cucumber.core.runtime.CucumberExecutionContext.lambda$runTestCase$3(CucumberExecutionContext.java:110)
	at io.cucumber.core.runtime.RethrowingThrowableCollector.executeAndThrow(RethrowingThrowableCollector.java:23)
	at io.cucumber.core.runtime.CucumberExecutionContext.runTestCase(CucumberExecutionContext.java:110)
	at io.cucumber.testng.TestNGCucumberRunner.runScenario(TestNGCucumberRunner.java:129)
	at io.cucumber.testng.AbstractTestNGCucumberTests.runScenario(AbstractTestNGCucumberTests.java:35)
	at java.base/jdk.internal.reflect.NativeMethodAccessorImpl.invoke0(Native Method)
	at java.base/jdk.internal.reflect.NativeMethodAccessorImpl.invoke(NativeMethodAccessorImpl.java:64)
	at java.base/jdk.internal.reflect.DelegatingMethodAccessorImpl.invoke(DelegatingMethodAccessorImpl.java:43)
	at java.base/java.lang.reflect.Method.invoke(Method.java:564)
	at org.testng.internal.MethodInvocationHelper.invokeMethod(MethodInvocationHelper.java:133)
	at org.testng.internal.TestInvoker.invokeMethod(TestInvoker.java:598)
	at org.testng.internal.TestInvoker.invokeTestMethod(TestInvoker.java:173)
	at org.testng.internal.TestMethodWithDataProviderMethodWorker.call(TestMethodWithDataProviderMethodWorker.java:77)
	at org.testng.internal.TestMethodWithDataProviderMethodWorker.call(TestMethodWithDataProviderMethodWorker.java:15)
	at java.base/java.util.concurrent.FutureTask.run(FutureTask.java:264)
	at java.base/java.util.concurrent.Executors$RunnableAdapter.call(Executors.java:515)
	at java.base/java.util.concurrent.FutureTask.run(FutureTask.java:264)
	at java.base/java.util.concurrent.ThreadPoolExecutor.runWorker(ThreadPoolExecutor.java:1130)
	at java.base/java.util.concurrent.ThreadPoolExecutor$Worker.run(ThreadPoolExecutor.java:630)
	at java.base/java.lang.Thread.run(Thread.java:832)
</textarea>
      
      </div>
              </div>
              <div class="step skip-bg" title="ChromeSteps.StepsForChrome.clickOnTheSignInButton()">
                <span>Then click on the sign-in button</span>
      <div>Step skipped
      </div>
              </div>
              <div class="step skip-bg" title="ChromeSteps.StepsForChrome.signPageAppearsPutCorrectMobileNumber()">
                <span>When sign page appears put correct mobile number</span>
      <div>Step skipped
      </div>
              </div>
              <div class="step skip-bg" title="ChromeSteps.StepsForChrome.clickContinueButton()">
                <span>And click continue button</span>
      <div>Step skipped
      </div>
              </div>
              <div class="step skip-bg" title="ChromeSteps.StepsForChrome.putCorrectPasswordAndClickSignInButton()">
                <span>Then put correct password and click sign in button</span>
      <div>Step skipped
      </div>
              </div>
              <div class="step skip-bg" title="ChromeSteps.StepsForChrome.verifyLoginIsSuccessfulOrNot()">
                <span>And verify login is successful or not</span>
      <div>Step skipped
      </div>
              </div>
              <div class="step skip-bg" title="ChromeSteps.StepsForChrome.close_browser()">
                <span>And Close browser</span>
      <div>Step skipped
      </div>
              </div>
          </div>
        </div>
  </div>
  <div class="card">
    <div class="card-header" role="tab">
      <div class="card-title">
        <div class="node" id="12"><span class="badge log fail-bg mr-2">Fail</span>PUT INCORRECT MOBILE NO. OR EMAIL IN USERNAME EDIT BOX AND AFTER CLICKING CONTINUE CAPTURE THE ERROR MESSAGE</div>
      </div>
    </div>
        <div class="">
          <div class="card-body">
              <div class="step pass-bg" title="ChromeSteps.StepsForChrome.launchBrowser()">
                <span>Given Launch browser</span>
      <div>
      </div>
              </div>
              <div class="step pass-bg" title="ChromeSteps.StepsForChrome.maximizeTheWindow()">
                <span>Then Maximize the window</span>
      <div>
      </div>
              </div>
              <div class="step pass-bg" title="ChromeSteps.StepsForChrome.navigate_to_amazon_home_page()">
                <span>Then Navigate to amazon home page</span>
      <div>
      </div>
              </div>
              <div class="step fail-bg" title="ChromeSteps.StepsForChrome.clickOnTheSignInButton()">
                <span>Then click on the sign-in button</span>
      <div>
        <textarea disabled class="code-block">org.openqa.selenium.NoSuchWindowException: no such window: target window already closed
from unknown error: web view not found
  (Session info: chrome=96.0.4664.110)
Build info: version: '4.1.1', revision: 'e8fcc2cecf'
System info: host: 'LAPTOP-AP1367K9', ip: '192.168.43.191', os.name: 'Windows 10', os.arch: 'amd64', os.version: '10.0', java.version: '15.0.1'
Driver info: org.openqa.selenium.chrome.ChromeDriver
Command: [af427de6cabdf50c9828c82e39a19964, findElement {using=xpath, value=//*[@id="nav-link-accountList"]}]
Capabilities {acceptInsecureCerts: false, browserName: chrome, browserVersion: 96.0.4664.110, chrome: {chromedriverVersion: 96.0.4664.45 (76e4c1bb2ab46..., userDataDir: C:\Users\Hp\AppData\Local\T...}, goog:chromeOptions: {debuggerAddress: localhost:54554}, javascriptEnabled: true, networkConnectionEnabled: false, pageLoadStrategy: normal, platform: WINDOWS, platformName: WINDOWS, proxy: Proxy(), se:cdp: ws://localhost:54554/devtoo..., se:cdpVersion: 96.0.4664.110, setWindowRect: true, strictFileInteractability: false, timeouts: {implicit: 0, pageLoad: 300000, script: 30000}, unhandledPromptBehavior: dismiss and notify, webauthn:extension:credBlob: true, webauthn:extension:largeBlob: true, webauthn:virtualAuthenticators: true}
Session ID: af427de6cabdf50c9828c82e39a19964
	at java.base/jdk.internal.reflect.NativeConstructorAccessorImpl.newInstance0(Native Method)
	at java.base/jdk.internal.reflect.NativeConstructorAccessorImpl.newInstance(NativeConstructorAccessorImpl.java:64)
	at java.base/jdk.internal.reflect.DelegatingConstructorAccessorImpl.newInstance(DelegatingConstructorAccessorImpl.java:45)
	at java.base/java.lang.reflect.Constructor.newInstanceWithCaller(Constructor.java:500)
	at java.base/java.lang.reflect.Constructor.newInstance(Constructor.java:481)
	at org.openqa.selenium.remote.codec.w3c.W3CHttpResponseCodec.createException(W3CHttpResponseCodec.java:200)
	at org.openqa.selenium.remote.codec.w3c.W3CHttpResponseCodec.decode(W3CHttpResponseCodec.java:133)
	at org.openqa.selenium.remote.codec.w3c.W3CHttpResponseCodec.decode(W3CHttpResponseCodec.java:53)
	at org.openqa.selenium.remote.HttpCommandExecutor.execute(HttpCommandExecutor.java:184)
	at org.openqa.selenium.remote.service.DriverCommandExecutor.invokeExecute(DriverCommandExecutor.java:167)
	at org.openqa.selenium.remote.service.DriverCommandExecutor.execute(DriverCommandExecutor.java:142)
	at org.openqa.selenium.remote.RemoteWebDriver.execute(RemoteWebDriver.java:543)
	at org.openqa.selenium.remote.ElementLocation$ElementFinder$2.findElement(ElementLocation.java:162)
	at org.openqa.selenium.remote.ElementLocation.findElement(ElementLocation.java:60)
	at org.openqa.selenium.remote.RemoteWebDriver.findElement(RemoteWebDriver.java:367)
	at org.openqa.selenium.remote.RemoteWebDriver.findElement(RemoteWebDriver.java:359)
	at ChromeSteps.StepsForChrome.clickOnTheSignInButton(StepsForChrome.java:70)
	at ✽.click on the sign-in button(file:///C:/TestNgPractice/Feature_Files/Chrome_TestNG.feature:49)
</textarea>
      
      </div>
              </div>
              <div class="step skip-bg" title="ChromeSteps.StepsForChrome.signPageAppearsPutIncorrectMobileNumber()">
                <span>When sign page appears put incorrect mobile number</span>
      <div>Step skipped
      </div>
              </div>
              <div class="step skip-bg" title="ChromeSteps.StepsForChrome.clickContinueButton()">
                <span>And click continue button</span>
      <div>Step skipped
      </div>
              </div>
              <div class="step skip-bg" title="ChromeSteps.StepsForChrome.captureTheErrorMessage()">
                <span>Then capture the error message</span>
      <div>Step skipped
      </div>
              </div>
              <div class="step skip-bg" title="ChromeSteps.StepsForChrome.close_browser()">
                <span>And Close browser</span>
      <div>Step skipped
      </div>
              </div>
          </div>
        </div>
  </div>
  <div class="card">
    <div class="card-header" role="tab">
      <div class="card-title">
        <div class="node" id="25"><span class="badge log fail-bg mr-2">Fail</span>OPEN CHROME BROWSER,NAVIGATE TO AMAZON PAGE AND VERIFY ITS LOGO AND TITLE</div>
      </div>
    </div>
        <div class="">
          <div class="card-body">
              <div class="step pass-bg" title="ChromeSteps.StepsForChrome.launchBrowser()">
                <span>Given Launch browser</span>
      <div>
      </div>
              </div>
              <div class="step pass-bg" title="ChromeSteps.StepsForChrome.maximizeTheWindow()">
                <span>Then Maximize the window</span>
      <div>
      </div>
              </div>
              <div class="step pass-bg" title="ChromeSteps.StepsForChrome.navigate_to_amazon_home_page()">
                <span>When Navigate to amazon home page</span>
      <div>
      </div>
              </div>
              <div class="step fail-bg" title="ChromeSteps.StepsForChrome.verify_the_amazon_logo_is_displayed()">
                <span>Then Verify the amazon logo is displayed</span>
      <div>
        <textarea disabled class="code-block">org.openqa.selenium.NoSuchWindowException: no such window: target window already closed
from unknown error: web view not found
  (Session info: chrome=96.0.4664.110)
Build info: version: '4.1.1', revision: 'e8fcc2cecf'
System info: host: 'LAPTOP-AP1367K9', ip: '192.168.43.191', os.name: 'Windows 10', os.arch: 'amd64', os.version: '10.0', java.version: '15.0.1'
Driver info: org.openqa.selenium.chrome.ChromeDriver
Command: [873be86f56d00b3bc355921707e3d9dd, findElement {using=xpath, value=//*[@id="nav-logo-sprites"]}]
Capabilities {acceptInsecureCerts: false, browserName: chrome, browserVersion: 96.0.4664.110, chrome: {chromedriverVersion: 96.0.4664.45 (76e4c1bb2ab46..., userDataDir: C:\Users\Hp\AppData\Local\T...}, goog:chromeOptions: {debuggerAddress: localhost:54602}, javascriptEnabled: true, networkConnectionEnabled: false, pageLoadStrategy: normal, platform: WINDOWS, platformName: WINDOWS, proxy: Proxy(), se:cdp: ws://localhost:54602/devtoo..., se:cdpVersion: 96.0.4664.110, setWindowRect: true, strictFileInteractability: false, timeouts: {implicit: 0, pageLoad: 300000, script: 30000}, unhandledPromptBehavior: dismiss and notify, webauthn:extension:credBlob: true, webauthn:extension:largeBlob: true, webauthn:virtualAuthenticators: true}
Session ID: 873be86f56d00b3bc355921707e3d9dd
	at java.base/jdk.internal.reflect.NativeConstructorAccessorImpl.newInstance0(Native Method)
	at java.base/jdk.internal.reflect.NativeConstructorAccessorImpl.newInstance(NativeConstructorAccessorImpl.java:64)
	at java.base/jdk.internal.reflect.DelegatingConstructorAccessorImpl.newInstance(DelegatingConstructorAccessorImpl.java:45)
	at java.base/java.lang.reflect.Constructor.newInstanceWithCaller(Constructor.java:500)
	at java.base/java.lang.reflect.Constructor.newInstance(Constructor.java:481)
	at org.openqa.selenium.remote.codec.w3c.W3CHttpResponseCodec.createException(W3CHttpResponseCodec.java:200)
	at org.openqa.selenium.remote.codec.w3c.W3CHttpResponseCodec.decode(W3CHttpResponseCodec.java:133)
	at org.openqa.selenium.remote.codec.w3c.W3CHttpResponseCodec.decode(W3CHttpResponseCodec.java:53)
	at org.openqa.selenium.remote.HttpCommandExecutor.execute(HttpCommandExecutor.java:184)
	at org.openqa.selenium.remote.service.DriverCommandExecutor.invokeExecute(DriverCommandExecutor.java:167)
	at org.openqa.selenium.remote.service.DriverCommandExecutor.execute(DriverCommandExecutor.java:142)
	at org.openqa.selenium.remote.RemoteWebDriver.execute(RemoteWebDriver.java:543)
	at org.openqa.selenium.remote.ElementLocation$ElementFinder$2.findElement(ElementLocation.java:162)
	at org.openqa.selenium.remote.ElementLocation.findElement(ElementLocation.java:60)
	at org.openqa.selenium.remote.RemoteWebDriver.findElement(RemoteWebDriver.java:367)
	at org.openqa.selenium.remote.RemoteWebDriver.findElement(RemoteWebDriver.java:359)
	at ChromeSteps.StepsForChrome.verify_the_amazon_logo_is_displayed(StepsForChrome.java:51)
	at ✽.Verify the amazon logo is displayed(file:///C:/TestNgPractice/Feature_Files/Chrome_TestNG.feature:10)
</textarea>
      
      </div>
              </div>
              <div class="step skip-bg" title="ChromeSteps.StepsForChrome.verifyTheTitleContainsOnlineShoppingSiteInIndia()">
                <span>Then verify the title contains Online Shopping site in India:</span>
      <div>Step skipped
      </div>
              </div>
              <div class="step skip-bg" title="ChromeSteps.StepsForChrome.close_browser()">
                <span>And Close browser</span>
      <div>Step skipped
      </div>
              </div>
          </div>
        </div>
  </div>
  <div class="card">
    <div class="card-header" role="tab">
      <div class="card-title">
        <div class="node" id="28"><span class="badge log fail-bg mr-2">Fail</span>PUT CORRECT MOBILE NO. OR EMAIL IN USERNAME EDIT BOX THEN AFTER CLICKING CONTINUE CHECK PASSWORD EDIT BOX IS POPULATED OR NOT</div>
      </div>
    </div>
        <div class="">
          <div class="card-body">
              <div class="step pass-bg" title="ChromeSteps.StepsForChrome.launchBrowser()">
                <span>Given Launch browser</span>
      <div>
      </div>
              </div>
              <div class="step pass-bg" title="ChromeSteps.StepsForChrome.maximizeTheWindow()">
                <span>Then Maximize the window</span>
      <div>
      </div>
              </div>
              <div class="step pass-bg" title="ChromeSteps.StepsForChrome.navigate_to_amazon_home_page()">
                <span>Then Navigate to amazon home page</span>
      <div>
      </div>
              </div>
              <div class="step fail-bg" title="ChromeSteps.StepsForChrome.clickOnTheSignInButton()">
                <span>Then click on the sign-in button</span>
      <div>
        <textarea disabled class="code-block">org.openqa.selenium.NoSuchWindowException: no such window: target window already closed
from unknown error: web view not found
  (Session info: chrome=96.0.4664.110)
Build info: version: '4.1.1', revision: 'e8fcc2cecf'
System info: host: 'LAPTOP-AP1367K9', ip: '192.168.43.191', os.name: 'Windows 10', os.arch: 'amd64', os.version: '10.0', java.version: '15.0.1'
Driver info: org.openqa.selenium.chrome.ChromeDriver
Command: [5bd7027e10dd642f997f94ac31fe4bfb, findElement {using=xpath, value=//*[@id="nav-link-accountList"]}]
Capabilities {acceptInsecureCerts: false, browserName: chrome, browserVersion: 96.0.4664.110, chrome: {chromedriverVersion: 96.0.4664.45 (76e4c1bb2ab46..., userDataDir: C:\Users\Hp\AppData\Local\T...}, goog:chromeOptions: {debuggerAddress: localhost:54553}, javascriptEnabled: true, networkConnectionEnabled: false, pageLoadStrategy: normal, platform: WINDOWS, platformName: WINDOWS, proxy: Proxy(), se:cdp: ws://localhost:54553/devtoo..., se:cdpVersion: 96.0.4664.110, setWindowRect: true, strictFileInteractability: false, timeouts: {implicit: 0, pageLoad: 300000, script: 30000}, unhandledPromptBehavior: dismiss and notify, webauthn:extension:credBlob: true, webauthn:extension:largeBlob: true, webauthn:virtualAuthenticators: true}
Session ID: 5bd7027e10dd642f997f94ac31fe4bfb
	at java.base/jdk.internal.reflect.NativeConstructorAccessorImpl.newInstance0(Native Method)
	at java.base/jdk.internal.reflect.NativeConstructorAccessorImpl.newInstance(NativeConstructorAccessorImpl.java:64)
	at java.base/jdk.internal.reflect.DelegatingConstructorAccessorImpl.newInstance(DelegatingConstructorAccessorImpl.java:45)
	at java.base/java.lang.reflect.Constructor.newInstanceWithCaller(Constructor.java:500)
	at java.base/java.lang.reflect.Constructor.newInstance(Constructor.java:481)
	at org.openqa.selenium.remote.codec.w3c.W3CHttpResponseCodec.createException(W3CHttpResponseCodec.java:200)
	at org.openqa.selenium.remote.codec.w3c.W3CHttpResponseCodec.decode(W3CHttpResponseCodec.java:133)
	at org.openqa.selenium.remote.codec.w3c.W3CHttpResponseCodec.decode(W3CHttpResponseCodec.java:53)
	at org.openqa.selenium.remote.HttpCommandExecutor.execute(HttpCommandExecutor.java:184)
	at org.openqa.selenium.remote.service.DriverCommandExecutor.invokeExecute(DriverCommandExecutor.java:167)
	at org.openqa.selenium.remote.service.DriverCommandExecutor.execute(DriverCommandExecutor.java:142)
	at org.openqa.selenium.remote.RemoteWebDriver.execute(RemoteWebDriver.java:543)
	at org.openqa.selenium.remote.ElementLocation$ElementFinder$2.findElement(ElementLocation.java:162)
	at org.openqa.selenium.remote.ElementLocation.findElement(ElementLocation.java:60)
	at org.openqa.selenium.remote.RemoteWebDriver.findElement(RemoteWebDriver.java:367)
	at org.openqa.selenium.remote.RemoteWebDriver.findElement(RemoteWebDriver.java:359)
	at ChromeSteps.StepsForChrome.clickOnTheSignInButton(StepsForChrome.java:70)
	at ✽.click on the sign-in button(file:///C:/TestNgPractice/Feature_Files/Chrome_TestNG.feature:38)
</textarea>
      
      </div>
              </div>
              <div class="step skip-bg" title="ChromeSteps.StepsForChrome.signPageAppearsPutCorrectMobileNumber()">
                <span>When sign page appears put correct mobile number</span>
      <div>Step skipped
      </div>
              </div>
              <div class="step skip-bg" title="ChromeSteps.StepsForChrome.clickContinueButton()">
                <span>And click continue button</span>
      <div>Step skipped
      </div>
              </div>
              <div class="step skip-bg" title="ChromeSteps.StepsForChrome.verifyPasswordFillingPageIsPopulatedOrNot()">
                <span>Then verify password filling page is populated or not</span>
      <div>Step skipped
      </div>
              </div>
              <div class="step skip-bg" title="ChromeSteps.StepsForChrome.close_browser()">
                <span>And Close browser</span>
      <div>Step skipped
      </div>
              </div>
          </div>
        </div>
  </div>
  <div class="card">
    <div class="card-header" role="tab">
      <div class="card-title">
        <div class="node" id="30"><span class="badge log fail-bg mr-2">Fail</span>IF PRESENT CLICK ON SIGN-IN BUTTON AND VERIFY SIGN IN PAGE IS POPULATED</div>
      </div>
    </div>
        <div class="">
          <div class="card-body">
              <div class="step pass-bg" title="ChromeSteps.StepsForChrome.launchBrowser()">
                <span>Given Launch browser</span>
      <div>
      </div>
              </div>
              <div class="step pass-bg" title="ChromeSteps.StepsForChrome.maximizeTheWindow()">
                <span>Then Maximize the window</span>
      <div>
      </div>
              </div>
              <div class="step fail-bg" title="ChromeSteps.StepsForChrome.navigate_to_amazon_home_page()">
                <span>Then Navigate to amazon home page</span>
      <div>
        <textarea disabled class="code-block">org.openqa.selenium.TimeoutException: java.util.concurrent.TimeoutException
Build info: version: '4.1.1', revision: 'e8fcc2cecf'
System info: host: 'LAPTOP-AP1367K9', ip: '192.168.43.191', os.name: 'Windows 10', os.arch: 'amd64', os.version: '10.0', java.version: '15.0.1'
Driver info: org.openqa.selenium.chrome.ChromeDriver
Command: [73fb5fda7f7b220acc7e180ba5199588, get {url=https://www.amazon.in/}]
Capabilities {acceptInsecureCerts: false, browserName: chrome, browserVersion: 96.0.4664.110, chrome: {chromedriverVersion: 96.0.4664.45 (76e4c1bb2ab46..., userDataDir: C:\Users\Hp\AppData\Local\T...}, goog:chromeOptions: {debuggerAddress: localhost:54603}, javascriptEnabled: true, networkConnectionEnabled: false, pageLoadStrategy: normal, platform: WINDOWS, platformName: WINDOWS, proxy: Proxy(), se:cdp: ws://localhost:54603/devtoo..., se:cdpVersion: 96.0.4664.110, setWindowRect: true, strictFileInteractability: false, timeouts: {implicit: 0, pageLoad: 300000, script: 30000}, unhandledPromptBehavior: dismiss and notify, webauthn:extension:credBlob: true, webauthn:extension:largeBlob: true, webauthn:virtualAuthenticators: true}
Session ID: 73fb5fda7f7b220acc7e180ba5199588
	at org.openqa.selenium.remote.http.netty.NettyHttpHandler.makeCall(NettyHttpHandler.java:72)
	at org.openqa.selenium.remote.http.RetryRequest.lambda$apply$6(RetryRequest.java:83)
	at net.jodah.failsafe.Functions.lambda$get$0(Functions.java:48)
	at net.jodah.failsafe.RetryPolicyExecutor.lambda$supply$0(RetryPolicyExecutor.java:66)
	at net.jodah.failsafe.RetryPolicyExecutor.lambda$supply$0(RetryPolicyExecutor.java:66)
	at net.jodah.failsafe.RetryPolicyExecutor.lambda$supply$0(RetryPolicyExecutor.java:66)
	at net.jodah.failsafe.Execution.executeSync(Execution.java:128)
	at net.jodah.failsafe.FailsafeExecutor.call(FailsafeExecutor.java:379)
	at net.jodah.failsafe.FailsafeExecutor.get(FailsafeExecutor.java:68)
	at org.openqa.selenium.remote.http.RetryRequest.lambda$apply$7(RetryRequest.java:83)
	at org.openqa.selenium.remote.http.AddSeleniumUserAgent.lambda$apply$0(AddSeleniumUserAgent.java:42)
	at org.openqa.selenium.remote.http.Filter.lambda$andFinally$1(Filter.java:56)
	at org.openqa.selenium.remote.http.netty.NettyHttpHandler.execute(NettyHttpHandler.java:51)
	at org.openqa.selenium.remote.http.RetryRequest.lambda$apply$6(RetryRequest.java:83)
	at net.jodah.failsafe.Functions.lambda$get$0(Functions.java:48)
	at net.jodah.failsafe.RetryPolicyExecutor.lambda$supply$0(RetryPolicyExecutor.java:66)
	at net.jodah.failsafe.RetryPolicyExecutor.lambda$supply$0(RetryPolicyExecutor.java:66)
	at net.jodah.failsafe.RetryPolicyExecutor.lambda$supply$0(RetryPolicyExecutor.java:66)
	at net.jodah.failsafe.Execution.executeSync(Execution.java:128)
	at net.jodah.failsafe.FailsafeExecutor.call(FailsafeExecutor.java:379)
	at net.jodah.failsafe.FailsafeExecutor.get(FailsafeExecutor.java:68)
	at org.openqa.selenium.remote.http.RetryRequest.lambda$apply$7(RetryRequest.java:83)
	at org.openqa.selenium.remote.http.AddSeleniumUserAgent.lambda$apply$0(AddSeleniumUserAgent.java:42)
	at org.openqa.selenium.remote.http.Filter.lambda$andFinally$1(Filter.java:56)
	at org.openqa.selenium.remote.http.netty.NettyClient.execute(NettyClient.java:110)
	at org.openqa.selenium.remote.HttpCommandExecutor.execute(HttpCommandExecutor.java:181)
	at org.openqa.selenium.remote.service.DriverCommandExecutor.invokeExecute(DriverCommandExecutor.java:167)
	at org.openqa.selenium.remote.service.DriverCommandExecutor.execute(DriverCommandExecutor.java:142)
	at org.openqa.selenium.remote.RemoteWebDriver.execute(RemoteWebDriver.java:543)
	at org.openqa.selenium.remote.RemoteWebDriver.get(RemoteWebDriver.java:312)
	at ChromeSteps.StepsForChrome.navigate_to_amazon_home_page(StepsForChrome.java:47)
	at ✽.Navigate to amazon home page(file:///C:/TestNgPractice/Feature_Files/Chrome_TestNG.feature:18)
Caused by: java.util.concurrent.TimeoutException
	at java.base/java.util.concurrent.CompletableFuture.timedGet(CompletableFuture.java:1950)
	at java.base/java.util.concurrent.CompletableFuture.get(CompletableFuture.java:2085)
	at org.asynchttpclient.netty.NettyResponseFuture.get(NettyResponseFuture.java:206)
	at org.openqa.selenium.remote.http.netty.NettyHttpHandler.makeCall(NettyHttpHandler.java:66)
	at org.openqa.selenium.remote.http.RetryRequest.lambda$apply$6(RetryRequest.java:83)
	at net.jodah.failsafe.Functions.lambda$get$0(Functions.java:48)
	at net.jodah.failsafe.RetryPolicyExecutor.lambda$supply$0(RetryPolicyExecutor.java:66)
	at net.jodah.failsafe.RetryPolicyExecutor.lambda$supply$0(RetryPolicyExecutor.java:66)
	at net.jodah.failsafe.RetryPolicyExecutor.lambda$supply$0(RetryPolicyExecutor.java:66)
	at net.jodah.failsafe.Execution.executeSync(Execution.java:128)
	at net.jodah.failsafe.FailsafeExecutor.call(FailsafeExecutor.java:379)
	at net.jodah.failsafe.FailsafeExecutor.get(FailsafeExecutor.java:68)
	at org.openqa.selenium.remote.http.RetryRequest.lambda$apply$7(RetryRequest.java:83)
	at org.openqa.selenium.remote.http.AddSeleniumUserAgent.lambda$apply$0(AddSeleniumUserAgent.java:42)
	at org.openqa.selenium.remote.http.Filter.lambda$andFinally$1(Filter.java:56)
	at org.openqa.selenium.remote.http.netty.NettyHttpHandler.execute(NettyHttpHandler.java:51)
	at org.openqa.selenium.remote.http.RetryRequest.lambda$apply$6(RetryRequest.java:83)
	at net.jodah.failsafe.Functions.lambda$get$0(Functions.java:48)
	at net.jodah.failsafe.RetryPolicyExecutor.lambda$supply$0(RetryPolicyExecutor.java:66)
	at net.jodah.failsafe.RetryPolicyExecutor.lambda$supply$0(RetryPolicyExecutor.java:66)
	at net.jodah.failsafe.RetryPolicyExecutor.lambda$supply$0(RetryPolicyExecutor.java:66)
	at net.jodah.failsafe.Execution.executeSync(Execution.java:128)
	at net.jodah.failsafe.FailsafeExecutor.call(FailsafeExecutor.java:379)
	at net.jodah.failsafe.FailsafeExecutor.get(FailsafeExecutor.java:68)
	at org.openqa.selenium.remote.http.RetryRequest.lambda$apply$7(RetryRequest.java:83)
	at org.openqa.selenium.remote.http.AddSeleniumUserAgent.lambda$apply$0(AddSeleniumUserAgent.java:42)
	at org.openqa.selenium.remote.http.Filter.lambda$andFinally$1(Filter.java:56)
	at org.openqa.selenium.remote.http.netty.NettyClient.execute(NettyClient.java:110)
	at org.openqa.selenium.remote.HttpCommandExecutor.execute(HttpCommandExecutor.java:181)
	at org.openqa.selenium.remote.service.DriverCommandExecutor.invokeExecute(DriverCommandExecutor.java:167)
	at org.openqa.selenium.remote.service.DriverCommandExecutor.execute(DriverCommandExecutor.java:142)
	at org.openqa.selenium.remote.RemoteWebDriver.execute(RemoteWebDriver.java:543)
	at org.openqa.selenium.remote.RemoteWebDriver.get(RemoteWebDriver.java:312)
	at ChromeSteps.StepsForChrome.navigate_to_amazon_home_page(StepsForChrome.java:47)
	at java.base/jdk.internal.reflect.NativeMethodAccessorImpl.invoke0(Native Method)
	at java.base/jdk.internal.reflect.NativeMethodAccessorImpl.invoke(NativeMethodAccessorImpl.java:64)
	at java.base/jdk.internal.reflect.DelegatingMethodAccessorImpl.invoke(DelegatingMethodAccessorImpl.java:43)
	at java.base/java.lang.reflect.Method.invoke(Method.java:564)
	at io.cucumber.java.Invoker.doInvoke(Invoker.java:66)
	at io.cucumber.java.Invoker.invoke(Invoker.java:24)
	at io.cucumber.java.AbstractGlueDefinition.invokeMethod(AbstractGlueDefinition.java:47)
	at io.cucumber.java.JavaStepDefinition.execute(JavaStepDefinition.java:29)
	at io.cucumber.core.runner.CoreStepDefinition.execute(CoreStepDefinition.java:66)
	at io.cucumber.core.runner.PickleStepDefinitionMatch.runStep(PickleStepDefinitionMatch.java:63)
	at io.cucumber.core.runner.ExecutionMode$1.execute(ExecutionMode.java:10)
	at io.cucumber.core.runner.TestStep.executeStep(TestStep.java:86)
	at io.cucumber.core.runner.TestStep.run(TestStep.java:57)
	at io.cucumber.core.runner.PickleStepTestStep.run(PickleStepTestStep.java:51)
	at io.cucumber.core.runner.TestCase.run(TestCase.java:95)
	at io.cucumber.core.runner.Runner.runPickle(Runner.java:75)
	at io.cucumber.testng.TestNGCucumberRunner.lambda$runScenario$1(TestNGCucumberRunner.java:132)
	at io.cucumber.core.runtime.CucumberExecutionContext.lambda$runTestCase$3(CucumberExecutionContext.java:110)
	at io.cucumber.core.runtime.RethrowingThrowableCollector.executeAndThrow(RethrowingThrowableCollector.java:23)
	at io.cucumber.core.runtime.CucumberExecutionContext.runTestCase(CucumberExecutionContext.java:110)
	at io.cucumber.testng.TestNGCucumberRunner.runScenario(TestNGCucumberRunner.java:129)
	at io.cucumber.testng.AbstractTestNGCucumberTests.runScenario(AbstractTestNGCucumberTests.java:35)
	at java.base/jdk.internal.reflect.NativeMethodAccessorImpl.invoke0(Native Method)
	at java.base/jdk.internal.reflect.NativeMethodAccessorImpl.invoke(NativeMethodAccessorImpl.java:64)
	at java.base/jdk.internal.reflect.DelegatingMethodAccessorImpl.invoke(DelegatingMethodAccessorImpl.java:43)
	at java.base/java.lang.reflect.Method.invoke(Method.java:564)
	at org.testng.internal.MethodInvocationHelper.invokeMethod(MethodInvocationHelper.java:133)
	at org.testng.internal.TestInvoker.invokeMethod(TestInvoker.java:598)
	at org.testng.internal.TestInvoker.invokeTestMethod(TestInvoker.java:173)
	at org.testng.internal.TestMethodWithDataProviderMethodWorker.call(TestMethodWithDataProviderMethodWorker.java:77)
	at org.testng.internal.TestMethodWithDataProviderMethodWorker.call(TestMethodWithDataProviderMethodWorker.java:15)
	at java.base/java.util.concurrent.FutureTask.run(FutureTask.java:264)
	at java.base/java.util.concurrent.Executors$RunnableAdapter.call(Executors.java:515)
	at java.base/java.util.concurrent.FutureTask.run(FutureTask.java:264)
	at java.base/java.util.concurrent.ThreadPoolExecutor.runWorker(ThreadPoolExecutor.java:1130)
	at java.base/java.util.concurrent.ThreadPoolExecutor$Worker.run(ThreadPoolExecutor.java:630)
	at java.base/java.lang.Thread.run(Thread.java:832)
</textarea>
      
      </div>
              </div>
              <div class="step skip-bg" title="ChromeSteps.StepsForChrome.clickOnTheSignInButton()">
                <span>Then click on the sign-in button</span>
      <div>Step skipped
      </div>
              </div>
              <div class="step skip-bg" title="ChromeSteps.StepsForChrome.pageOpensVerifyTheTitleAs(java.lang.String)">
                <span>When page opens verify the title as "Amazon Sign In"</span>
      <div>Step skipped
      </div>
              </div>
              <div class="step skip-bg" title="ChromeSteps.StepsForChrome.close_browser()">
                <span>And Close browser</span>
      <div>Step skipped
      </div>
              </div>
          </div>
        </div>
  </div>
</div>
          </div>
        </li>
        <li class="test-item"  status="fail" test-id="1"
          author=""
          tag=""
          device="">
          <div class="test-detail">
            <p class="name">check various functionality of Amazon in Edge Browser</p>
            <p class="text-sm">
              <span>3:40:25 pm</span> / <span>00:03:40:550</span>
              <span class="badge fail-bg log float-right">Fail</span>
            </p>
          </div>
          <div class="test-contents d-none">
<div class="detail-head">
<div class="p-v-10">
<div class="info">
<h5 class="test-status text-fail">check various functionality of Amazon in Edge Browser</h5>
<span class='badge badge-success'>01.07.2022 3:40:25 pm</span>
<span class='badge badge-danger'>01.07.2022 3:44:06 pm</span>
<span class='badge badge-default'>00:03:40:550</span>
&middot; <span class='uri-anchor badge badge-default'>#test-id=1</span>
<span class='badge badge-default pointer float-right ml-1 et'><i class="fa fa-chevron-down"></i></span>
<span class='badge badge-default pointer float-right ct'><i class="fa fa-chevron-up"></i></span>
</div>
<div class="m-t-10 m-l-5"></div>
</div>
</div>
<div class="accordion mt-4">
  <div class="card">
    <div class="card-header" role="tab">
      <div class="card-title">
        <div class="node" id="4"><span class="badge log fail-bg mr-2">Fail</span>OPEN EDGE BROWSER,NAVIGATE TO AMAZON PAGE AND VERIFY ITS LOGO AND TITLE</div>
      </div>
    </div>
        <div class="">
          <div class="card-body">
              <div class="step pass-bg" title="EdgeSteps.StepsForEdge.launch_Edge_browser()">
                <span>Given Launch Edge browser</span>
      <div>
      </div>
              </div>
              <div class="step pass-bg" title="EdgeSteps.StepsForEdge.maximizeTheWindow()">
                <span>Then Maximize the window</span>
      <div>
      </div>
              </div>
              <div class="step pass-bg" title="EdgeSteps.StepsForEdge.navigate_to_amazon_home_page()">
                <span>When Navigate to amazon home page</span>
      <div>
      </div>
              </div>
              <div class="step fail-bg" title="EdgeSteps.StepsForEdge.verify_the_amazon_logo_is_displayed()">
                <span>Then Verify the amazon logo is displayed</span>
      <div>
        <textarea disabled class="code-block">org.openqa.selenium.NoSuchElementException: no such element: Unable to locate element: {"method":"xpath","selector":"//*[@id="nav-logo-sprites"]"}
  (Session info: MicrosoftEdge=96.0.1054.62)
For documentation on this error, please visit: https://selenium.dev/exceptions/#no_such_element
Build info: version: '4.1.1', revision: 'e8fcc2cecf'
System info: host: 'LAPTOP-AP1367K9', ip: '192.168.43.191', os.name: 'Windows 10', os.arch: 'amd64', os.version: '10.0', java.version: '15.0.1'
Driver info: org.openqa.selenium.edge.EdgeDriver
Command: [98825f268a6f59648c21e8c2a073a6b1, findElement {using=xpath, value=//*[@id="nav-logo-sprites"]}]
Capabilities {acceptInsecureCerts: false, browserName: msedge, browserVersion: 96.0.1054.62, javascriptEnabled: true, ms:edgeOptions: {debuggerAddress: localhost:54668}, msedge: {msedgedriverVersion: 96.0.1054.8 (22f1c881b723a7..., userDataDir: C:\Users\Hp\AppData\Local\T...}, networkConnectionEnabled: false, pageLoadStrategy: normal, platform: WINDOWS, platformName: WINDOWS, proxy: Proxy(), se:cdp: ws://localhost:54668/devtoo..., se:cdpVersion: 96.0.1054.62, setWindowRect: true, strictFileInteractability: false, timeouts: {implicit: 0, pageLoad: 300000, script: 30000}, unhandledPromptBehavior: dismiss and notify, webauthn:extension:credBlob: true, webauthn:extension:largeBlob: true, webauthn:virtualAuthenticators: true}
Session ID: 98825f268a6f59648c21e8c2a073a6b1
	at java.base/jdk.internal.reflect.NativeConstructorAccessorImpl.newInstance0(Native Method)
	at java.base/jdk.internal.reflect.NativeConstructorAccessorImpl.newInstance(NativeConstructorAccessorImpl.java:64)
	at java.base/jdk.internal.reflect.DelegatingConstructorAccessorImpl.newInstance(DelegatingConstructorAccessorImpl.java:45)
	at java.base/java.lang.reflect.Constructor.newInstanceWithCaller(Constructor.java:500)
	at java.base/java.lang.reflect.Constructor.newInstance(Constructor.java:481)
	at org.openqa.selenium.remote.codec.w3c.W3CHttpResponseCodec.createException(W3CHttpResponseCodec.java:200)
	at org.openqa.selenium.remote.codec.w3c.W3CHttpResponseCodec.decode(W3CHttpResponseCodec.java:133)
	at org.openqa.selenium.remote.codec.w3c.W3CHttpResponseCodec.decode(W3CHttpResponseCodec.java:53)
	at org.openqa.selenium.remote.HttpCommandExecutor.execute(HttpCommandExecutor.java:184)
	at org.openqa.selenium.remote.service.DriverCommandExecutor.invokeExecute(DriverCommandExecutor.java:167)
	at org.openqa.selenium.remote.service.DriverCommandExecutor.execute(DriverCommandExecutor.java:142)
	at org.openqa.selenium.remote.RemoteWebDriver.execute(RemoteWebDriver.java:543)
	at org.openqa.selenium.remote.ElementLocation$ElementFinder$2.findElement(ElementLocation.java:162)
	at org.openqa.selenium.remote.ElementLocation.findElement(ElementLocation.java:60)
	at org.openqa.selenium.remote.RemoteWebDriver.findElement(RemoteWebDriver.java:367)
	at org.openqa.selenium.remote.RemoteWebDriver.findElement(RemoteWebDriver.java:359)
	at EdgeSteps.StepsForEdge.verify_the_amazon_logo_is_displayed(StepsForEdge.java:33)
	at ✽.Verify the amazon logo is displayed(file:///C:/TestNgPractice/Feature_Files/Edge_TestNG.feature:9)
</textarea>
      
      </div>
              </div>
              <div class="step skip-bg" title="EdgeSteps.StepsForEdge.verifyTheTitleContainsOnlineShoppingSiteInIndia()">
                <span>Then verify the title contains Online Shopping site in India:</span>
      <div>Step skipped
      </div>
              </div>
              <div class="step skip-bg" title="EdgeSteps.StepsForEdge.close_browser()">
                <span>And Close browser</span>
      <div>Step skipped
      </div>
              </div>
          </div>
        </div>
  </div>
  <div class="card">
    <div class="card-header" role="tab">
      <div class="card-title">
        <div class="node" id="6"><span class="badge log fail-bg mr-2">Fail</span>IF PRESENT CLICK ON SIGN-IN BUTTON AND VERIFY SIGN IN PAGE IS POPULATED</div>
      </div>
    </div>
        <div class="">
          <div class="card-body">
              <div class="step pass-bg" title="EdgeSteps.StepsForEdge.launch_Edge_browser()">
                <span>Given Launch Edge browser</span>
      <div>
      </div>
              </div>
              <div class="step pass-bg" title="EdgeSteps.StepsForEdge.maximizeTheWindow()">
                <span>Then Maximize the window</span>
      <div>
      </div>
              </div>
              <div class="step pass-bg" title="EdgeSteps.StepsForEdge.navigate_to_amazon_home_page()">
                <span>Then Navigate to amazon home page</span>
      <div>
      </div>
              </div>
              <div class="step fail-bg" title="EdgeSteps.StepsForEdge.clickOnTheSignInButton()">
                <span>Then click on the sign-in button</span>
      <div>
        <textarea disabled class="code-block">org.openqa.selenium.NoSuchWindowException: no such window: target window already closed
from unknown error: web view not found
  (Session info: MicrosoftEdge=96.0.1054.62)
Build info: version: '4.1.1', revision: 'e8fcc2cecf'
System info: host: 'LAPTOP-AP1367K9', ip: '192.168.43.191', os.name: 'Windows 10', os.arch: 'amd64', os.version: '10.0', java.version: '15.0.1'
Driver info: org.openqa.selenium.edge.EdgeDriver
Command: [faceec306e6d1d3185a6529872ac9b79, findElement {using=xpath, value=//*[@id="nav-link-accountList"]}]
Capabilities {acceptInsecureCerts: false, browserName: msedge, browserVersion: 96.0.1054.62, javascriptEnabled: true, ms:edgeOptions: {debuggerAddress: localhost:54646}, msedge: {msedgedriverVersion: 96.0.1054.8 (22f1c881b723a7..., userDataDir: C:\Users\Hp\AppData\Local\T...}, networkConnectionEnabled: false, pageLoadStrategy: normal, platform: WINDOWS, platformName: WINDOWS, proxy: Proxy(), se:cdp: ws://localhost:54646/devtoo..., se:cdpVersion: 96.0.1054.62, setWindowRect: true, strictFileInteractability: false, timeouts: {implicit: 0, pageLoad: 300000, script: 30000}, unhandledPromptBehavior: dismiss and notify, webauthn:extension:credBlob: true, webauthn:extension:largeBlob: true, webauthn:virtualAuthenticators: true}
Session ID: faceec306e6d1d3185a6529872ac9b79
	at java.base/jdk.internal.reflect.NativeConstructorAccessorImpl.newInstance0(Native Method)
	at java.base/jdk.internal.reflect.NativeConstructorAccessorImpl.newInstance(NativeConstructorAccessorImpl.java:64)
	at java.base/jdk.internal.reflect.DelegatingConstructorAccessorImpl.newInstance(DelegatingConstructorAccessorImpl.java:45)
	at java.base/java.lang.reflect.Constructor.newInstanceWithCaller(Constructor.java:500)
	at java.base/java.lang.reflect.Constructor.newInstance(Constructor.java:481)
	at org.openqa.selenium.remote.codec.w3c.W3CHttpResponseCodec.createException(W3CHttpResponseCodec.java:200)
	at org.openqa.selenium.remote.codec.w3c.W3CHttpResponseCodec.decode(W3CHttpResponseCodec.java:133)
	at org.openqa.selenium.remote.codec.w3c.W3CHttpResponseCodec.decode(W3CHttpResponseCodec.java:53)
	at org.openqa.selenium.remote.HttpCommandExecutor.execute(HttpCommandExecutor.java:184)
	at org.openqa.selenium.remote.service.DriverCommandExecutor.invokeExecute(DriverCommandExecutor.java:167)
	at org.openqa.selenium.remote.service.DriverCommandExecutor.execute(DriverCommandExecutor.java:142)
	at org.openqa.selenium.remote.RemoteWebDriver.execute(RemoteWebDriver.java:543)
	at org.openqa.selenium.remote.ElementLocation$ElementFinder$2.findElement(ElementLocation.java:162)
	at org.openqa.selenium.remote.ElementLocation.findElement(ElementLocation.java:60)
	at org.openqa.selenium.remote.RemoteWebDriver.findElement(RemoteWebDriver.java:367)
	at org.openqa.selenium.remote.RemoteWebDriver.findElement(RemoteWebDriver.java:359)
	at EdgeSteps.StepsForEdge.clickOnTheSignInButton(StepsForEdge.java:52)
	at ✽.click on the sign-in button(file:///C:/TestNgPractice/Feature_Files/Edge_TestNG.feature:18)
</textarea>
      
      </div>
              </div>
              <div class="step skip-bg" title="EdgeSteps.StepsForEdge.pageOpensVerifyTheTitleAs(java.lang.String)">
                <span>When page opens verify the title as "Amazon Sign In"</span>
      <div>Step skipped
      </div>
              </div>
              <div class="step skip-bg" title="EdgeSteps.StepsForEdge.close_browser()">
                <span>And Close browser</span>
      <div>Step skipped
      </div>
              </div>
          </div>
        </div>
  </div>
  <div class="card">
    <div class="card-header" role="tab">
      <div class="card-title">
        <div class="node" id="7"><span class="badge log fail-bg mr-2">Fail</span>PUT CORRECT MOBILE NO. OR EMAIL AND PASSWORD THEN CHECK LOGIN IS SUCCESSFUL OR NOT</div>
      </div>
    </div>
        <div class="">
          <div class="card-body">
              <div class="step pass-bg" title="EdgeSteps.StepsForEdge.launch_Edge_browser()">
                <span>Given Launch Edge browser</span>
      <div>
      </div>
              </div>
              <div class="step pass-bg" title="EdgeSteps.StepsForEdge.maximizeTheWindow()">
                <span>Then Maximize the window</span>
      <div>
      </div>
              </div>
              <div class="step pass-bg" title="EdgeSteps.StepsForEdge.navigate_to_amazon_home_page()">
                <span>Then Navigate to amazon home page</span>
      <div>
      </div>
              </div>
              <div class="step fail-bg" title="EdgeSteps.StepsForEdge.clickOnTheSignInButton()">
                <span>Then click on the sign-in button</span>
      <div>
        <textarea disabled class="code-block">org.openqa.selenium.NoSuchWindowException: no such window: target window already closed
from unknown error: web view not found
  (Session info: MicrosoftEdge=96.0.1054.62)
Build info: version: '4.1.1', revision: 'e8fcc2cecf'
System info: host: 'LAPTOP-AP1367K9', ip: '192.168.43.191', os.name: 'Windows 10', os.arch: 'amd64', os.version: '10.0', java.version: '15.0.1'
Driver info: org.openqa.selenium.edge.EdgeDriver
Command: [b73498195356eceb7528acd8bea14ab6, findElement {using=xpath, value=//*[@id="nav-link-accountList"]}]
Capabilities {acceptInsecureCerts: false, browserName: msedge, browserVersion: 96.0.1054.62, javascriptEnabled: true, ms:edgeOptions: {debuggerAddress: localhost:54723}, msedge: {msedgedriverVersion: 96.0.1054.8 (22f1c881b723a7..., userDataDir: C:\Users\Hp\AppData\Local\T...}, networkConnectionEnabled: false, pageLoadStrategy: normal, platform: WINDOWS, platformName: WINDOWS, proxy: Proxy(), se:cdp: ws://localhost:54723/devtoo..., se:cdpVersion: 96.0.1054.62, setWindowRect: true, strictFileInteractability: false, timeouts: {implicit: 0, pageLoad: 300000, script: 30000}, unhandledPromptBehavior: dismiss and notify, webauthn:extension:credBlob: true, webauthn:extension:largeBlob: true, webauthn:virtualAuthenticators: true}
Session ID: b73498195356eceb7528acd8bea14ab6
	at java.base/jdk.internal.reflect.NativeConstructorAccessorImpl.newInstance0(Native Method)
	at java.base/jdk.internal.reflect.NativeConstructorAccessorImpl.newInstance(NativeConstructorAccessorImpl.java:64)
	at java.base/jdk.internal.reflect.DelegatingConstructorAccessorImpl.newInstance(DelegatingConstructorAccessorImpl.java:45)
	at java.base/java.lang.reflect.Constructor.newInstanceWithCaller(Constructor.java:500)
	at java.base/java.lang.reflect.Constructor.newInstance(Constructor.java:481)
	at org.openqa.selenium.remote.codec.w3c.W3CHttpResponseCodec.createException(W3CHttpResponseCodec.java:200)
	at org.openqa.selenium.remote.codec.w3c.W3CHttpResponseCodec.decode(W3CHttpResponseCodec.java:133)
	at org.openqa.selenium.remote.codec.w3c.W3CHttpResponseCodec.decode(W3CHttpResponseCodec.java:53)
	at org.openqa.selenium.remote.HttpCommandExecutor.execute(HttpCommandExecutor.java:184)
	at org.openqa.selenium.remote.service.DriverCommandExecutor.invokeExecute(DriverCommandExecutor.java:167)
	at org.openqa.selenium.remote.service.DriverCommandExecutor.execute(DriverCommandExecutor.java:142)
	at org.openqa.selenium.remote.RemoteWebDriver.execute(RemoteWebDriver.java:543)
	at org.openqa.selenium.remote.ElementLocation$ElementFinder$2.findElement(ElementLocation.java:162)
	at org.openqa.selenium.remote.ElementLocation.findElement(ElementLocation.java:60)
	at org.openqa.selenium.remote.RemoteWebDriver.findElement(RemoteWebDriver.java:367)
	at org.openqa.selenium.remote.RemoteWebDriver.findElement(RemoteWebDriver.java:359)
	at EdgeSteps.StepsForEdge.clickOnTheSignInButton(StepsForEdge.java:52)
	at ✽.click on the sign-in button(file:///C:/TestNgPractice/Feature_Files/Edge_TestNG.feature:59)
</textarea>
      
      </div>
              </div>
              <div class="step skip-bg" title="EdgeSteps.StepsForEdge.signPageAppearsPutCorrectMobileNumber()">
                <span>When sign page appears put correct mobile number</span>
      <div>Step skipped
      </div>
              </div>
              <div class="step skip-bg" title="EdgeSteps.StepsForEdge.clickContinueButton()">
                <span>And click continue button</span>
      <div>Step skipped
      </div>
              </div>
              <div class="step skip-bg" title="EdgeSteps.StepsForEdge.putCorrectPasswordAndClickSignInButton()">
                <span>Then put correct password and click sign in button</span>
      <div>Step skipped
      </div>
              </div>
              <div class="step skip-bg" title="EdgeSteps.StepsForEdge.verifyLoginIsSuccessfulOrNot()">
                <span>And verify login is successful or not</span>
      <div>Step skipped
      </div>
              </div>
              <div class="step skip-bg" title="EdgeSteps.StepsForEdge.close_browser()">
                <span>And Close browser</span>
      <div>Step skipped
      </div>
              </div>
          </div>
        </div>
  </div>
  <div class="card">
    <div class="card-header" role="tab">
      <div class="card-title">
        <div class="node" id="8"><span class="badge log fail-bg mr-2">Fail</span>TO VERIFY CONTINUE AND CREATE ACCOUNT BUTTONS ARE DISPLAYED AND ENABLED</div>
      </div>
    </div>
        <div class="">
          <div class="card-body">
              <div class="step pass-bg" title="EdgeSteps.StepsForEdge.launch_Edge_browser()">
                <span>Given Launch Edge browser</span>
      <div>
      </div>
              </div>
              <div class="step pass-bg" title="EdgeSteps.StepsForEdge.maximizeTheWindow()">
                <span>Then Maximize the window</span>
      <div>
      </div>
              </div>
              <div class="step pass-bg" title="EdgeSteps.StepsForEdge.navigate_to_amazon_home_page()">
                <span>Then Navigate to amazon home page</span>
      <div>
      </div>
              </div>
              <div class="step fail-bg" title="EdgeSteps.StepsForEdge.clickOnTheSignInButton()">
                <span>Then click on the sign-in button</span>
      <div>
        <textarea disabled class="code-block">org.openqa.selenium.NoSuchWindowException: no such window: target window already closed
from unknown error: web view not found
  (Session info: MicrosoftEdge=96.0.1054.62)
Build info: version: '4.1.1', revision: 'e8fcc2cecf'
System info: host: 'LAPTOP-AP1367K9', ip: '192.168.43.191', os.name: 'Windows 10', os.arch: 'amd64', os.version: '10.0', java.version: '15.0.1'
Driver info: org.openqa.selenium.edge.EdgeDriver
Command: [e33e4819349467f5a95f820e963b03ea, findElement {using=xpath, value=//*[@id="nav-link-accountList"]}]
Capabilities {acceptInsecureCerts: false, browserName: msedge, browserVersion: 96.0.1054.62, javascriptEnabled: true, ms:edgeOptions: {debuggerAddress: localhost:54703}, msedge: {msedgedriverVersion: 96.0.1054.8 (22f1c881b723a7..., userDataDir: C:\Users\Hp\AppData\Local\T...}, networkConnectionEnabled: false, pageLoadStrategy: normal, platform: WINDOWS, platformName: WINDOWS, proxy: Proxy(), se:cdp: ws://localhost:54703/devtoo..., se:cdpVersion: 96.0.1054.62, setWindowRect: true, strictFileInteractability: false, timeouts: {implicit: 0, pageLoad: 300000, script: 30000}, unhandledPromptBehavior: dismiss and notify, webauthn:extension:credBlob: true, webauthn:extension:largeBlob: true, webauthn:virtualAuthenticators: true}
Session ID: e33e4819349467f5a95f820e963b03ea
	at java.base/jdk.internal.reflect.NativeConstructorAccessorImpl.newInstance0(Native Method)
	at java.base/jdk.internal.reflect.NativeConstructorAccessorImpl.newInstance(NativeConstructorAccessorImpl.java:64)
	at java.base/jdk.internal.reflect.DelegatingConstructorAccessorImpl.newInstance(DelegatingConstructorAccessorImpl.java:45)
	at java.base/java.lang.reflect.Constructor.newInstanceWithCaller(Constructor.java:500)
	at java.base/java.lang.reflect.Constructor.newInstance(Constructor.java:481)
	at org.openqa.selenium.remote.codec.w3c.W3CHttpResponseCodec.createException(W3CHttpResponseCodec.java:200)
	at org.openqa.selenium.remote.codec.w3c.W3CHttpResponseCodec.decode(W3CHttpResponseCodec.java:133)
	at org.openqa.selenium.remote.codec.w3c.W3CHttpResponseCodec.decode(W3CHttpResponseCodec.java:53)
	at org.openqa.selenium.remote.HttpCommandExecutor.execute(HttpCommandExecutor.java:184)
	at org.openqa.selenium.remote.service.DriverCommandExecutor.invokeExecute(DriverCommandExecutor.java:167)
	at org.openqa.selenium.remote.service.DriverCommandExecutor.execute(DriverCommandExecutor.java:142)
	at org.openqa.selenium.remote.RemoteWebDriver.execute(RemoteWebDriver.java:543)
	at org.openqa.selenium.remote.ElementLocation$ElementFinder$2.findElement(ElementLocation.java:162)
	at org.openqa.selenium.remote.ElementLocation.findElement(ElementLocation.java:60)
	at org.openqa.selenium.remote.RemoteWebDriver.findElement(RemoteWebDriver.java:367)
	at org.openqa.selenium.remote.RemoteWebDriver.findElement(RemoteWebDriver.java:359)
	at EdgeSteps.StepsForEdge.clickOnTheSignInButton(StepsForEdge.java:52)
	at ✽.click on the sign-in button(file:///C:/TestNgPractice/Feature_Files/Edge_TestNG.feature:27)
</textarea>
      
      </div>
              </div>
              <div class="step skip-bg" title="EdgeSteps.StepsForEdge.signInPageComesVerifyContinueButtonIsEnabled()">
                <span>When sign in page comes verify continue button is enabled</span>
      <div>Step skipped
      </div>
              </div>
              <div class="step skip-bg" title="EdgeSteps.StepsForEdge.alsoCheckForCreateAccountButton()">
                <span>And also check for create account button</span>
      <div>Step skipped
      </div>
              </div>
              <div class="step skip-bg" title="EdgeSteps.StepsForEdge.close_browser()">
                <span>Then Close browser</span>
      <div>Step skipped
      </div>
              </div>
          </div>
        </div>
  </div>
  <div class="card">
    <div class="card-header" role="tab">
      <div class="card-title">
        <div class="node" id="11"><span class="badge log fail-bg mr-2">Fail</span>PUT CORRECT MOBILE NO. OR EMAIL IN USERNAME EDIT BOX THEN AFTER CLICKING CONTINUE CHECK PASSWORD EDIT BOX IS POPULATED OR NOT</div>
      </div>
    </div>
        <div class="">
          <div class="card-body">
              <div class="step pass-bg" title="EdgeSteps.StepsForEdge.launch_Edge_browser()">
                <span>Given Launch Edge browser</span>
      <div>
      </div>
              </div>
              <div class="step pass-bg" title="EdgeSteps.StepsForEdge.maximizeTheWindow()">
                <span>Then Maximize the window</span>
      <div>
      </div>
              </div>
              <div class="step fail-bg" title="EdgeSteps.StepsForEdge.navigate_to_amazon_home_page()">
                <span>Then Navigate to amazon home page</span>
      <div>
        <textarea disabled class="code-block">org.openqa.selenium.TimeoutException: java.util.concurrent.TimeoutException
Build info: version: '4.1.1', revision: 'e8fcc2cecf'
System info: host: 'LAPTOP-AP1367K9', ip: '192.168.43.191', os.name: 'Windows 10', os.arch: 'amd64', os.version: '10.0', java.version: '15.0.1'
Driver info: org.openqa.selenium.edge.EdgeDriver
Command: [855abedef02030145a6b65625c72c235, get {url=https://www.amazon.in/}]
Capabilities {acceptInsecureCerts: false, browserName: msedge, browserVersion: 96.0.1054.62, javascriptEnabled: true, ms:edgeOptions: {debuggerAddress: localhost:54775}, msedge: {msedgedriverVersion: 96.0.1054.8 (22f1c881b723a7..., userDataDir: C:\Users\Hp\AppData\Local\T...}, networkConnectionEnabled: false, pageLoadStrategy: normal, platform: WINDOWS, platformName: WINDOWS, proxy: Proxy(), se:cdp: ws://localhost:54775/devtoo..., se:cdpVersion: 96.0.1054.62, setWindowRect: true, strictFileInteractability: false, timeouts: {implicit: 0, pageLoad: 300000, script: 30000}, unhandledPromptBehavior: dismiss and notify, webauthn:extension:credBlob: true, webauthn:extension:largeBlob: true, webauthn:virtualAuthenticators: true}
Session ID: 855abedef02030145a6b65625c72c235
	at org.openqa.selenium.remote.http.netty.NettyHttpHandler.makeCall(NettyHttpHandler.java:72)
	at org.openqa.selenium.remote.http.RetryRequest.lambda$apply$6(RetryRequest.java:83)
	at net.jodah.failsafe.Functions.lambda$get$0(Functions.java:48)
	at net.jodah.failsafe.RetryPolicyExecutor.lambda$supply$0(RetryPolicyExecutor.java:66)
	at net.jodah.failsafe.RetryPolicyExecutor.lambda$supply$0(RetryPolicyExecutor.java:66)
	at net.jodah.failsafe.RetryPolicyExecutor.lambda$supply$0(RetryPolicyExecutor.java:66)
	at net.jodah.failsafe.Execution.executeSync(Execution.java:128)
	at net.jodah.failsafe.FailsafeExecutor.call(FailsafeExecutor.java:379)
	at net.jodah.failsafe.FailsafeExecutor.get(FailsafeExecutor.java:68)
	at org.openqa.selenium.remote.http.RetryRequest.lambda$apply$7(RetryRequest.java:83)
	at org.openqa.selenium.remote.http.AddSeleniumUserAgent.lambda$apply$0(AddSeleniumUserAgent.java:42)
	at org.openqa.selenium.remote.http.Filter.lambda$andFinally$1(Filter.java:56)
	at org.openqa.selenium.remote.http.netty.NettyHttpHandler.execute(NettyHttpHandler.java:51)
	at org.openqa.selenium.remote.http.RetryRequest.lambda$apply$6(RetryRequest.java:83)
	at net.jodah.failsafe.Functions.lambda$get$0(Functions.java:48)
	at net.jodah.failsafe.RetryPolicyExecutor.lambda$supply$0(RetryPolicyExecutor.java:66)
	at net.jodah.failsafe.RetryPolicyExecutor.lambda$supply$0(RetryPolicyExecutor.java:66)
	at net.jodah.failsafe.RetryPolicyExecutor.lambda$supply$0(RetryPolicyExecutor.java:66)
	at net.jodah.failsafe.Execution.executeSync(Execution.java:128)
	at net.jodah.failsafe.FailsafeExecutor.call(FailsafeExecutor.java:379)
	at net.jodah.failsafe.FailsafeExecutor.get(FailsafeExecutor.java:68)
	at org.openqa.selenium.remote.http.RetryRequest.lambda$apply$7(RetryRequest.java:83)
	at org.openqa.selenium.remote.http.AddSeleniumUserAgent.lambda$apply$0(AddSeleniumUserAgent.java:42)
	at org.openqa.selenium.remote.http.Filter.lambda$andFinally$1(Filter.java:56)
	at org.openqa.selenium.remote.http.netty.NettyClient.execute(NettyClient.java:110)
	at org.openqa.selenium.remote.HttpCommandExecutor.execute(HttpCommandExecutor.java:181)
	at org.openqa.selenium.remote.service.DriverCommandExecutor.invokeExecute(DriverCommandExecutor.java:167)
	at org.openqa.selenium.remote.service.DriverCommandExecutor.execute(DriverCommandExecutor.java:142)
	at org.openqa.selenium.remote.RemoteWebDriver.execute(RemoteWebDriver.java:543)
	at org.openqa.selenium.remote.RemoteWebDriver.get(RemoteWebDriver.java:312)
	at EdgeSteps.StepsForEdge.navigate_to_amazon_home_page(StepsForEdge.java:29)
	at ✽.Navigate to amazon home page(file:///C:/TestNgPractice/Feature_Files/Edge_TestNG.feature:36)
Caused by: java.util.concurrent.TimeoutException
	at java.base/java.util.concurrent.CompletableFuture.timedGet(CompletableFuture.java:1950)
	at java.base/java.util.concurrent.CompletableFuture.get(CompletableFuture.java:2085)
	at org.asynchttpclient.netty.NettyResponseFuture.get(NettyResponseFuture.java:206)
	at org.openqa.selenium.remote.http.netty.NettyHttpHandler.makeCall(NettyHttpHandler.java:66)
	at org.openqa.selenium.remote.http.RetryRequest.lambda$apply$6(RetryRequest.java:83)
	at net.jodah.failsafe.Functions.lambda$get$0(Functions.java:48)
	at net.jodah.failsafe.RetryPolicyExecutor.lambda$supply$0(RetryPolicyExecutor.java:66)
	at net.jodah.failsafe.RetryPolicyExecutor.lambda$supply$0(RetryPolicyExecutor.java:66)
	at net.jodah.failsafe.RetryPolicyExecutor.lambda$supply$0(RetryPolicyExecutor.java:66)
	at net.jodah.failsafe.Execution.executeSync(Execution.java:128)
	at net.jodah.failsafe.FailsafeExecutor.call(FailsafeExecutor.java:379)
	at net.jodah.failsafe.FailsafeExecutor.get(FailsafeExecutor.java:68)
	at org.openqa.selenium.remote.http.RetryRequest.lambda$apply$7(RetryRequest.java:83)
	at org.openqa.selenium.remote.http.AddSeleniumUserAgent.lambda$apply$0(AddSeleniumUserAgent.java:42)
	at org.openqa.selenium.remote.http.Filter.lambda$andFinally$1(Filter.java:56)
	at org.openqa.selenium.remote.http.netty.NettyHttpHandler.execute(NettyHttpHandler.java:51)
	at org.openqa.selenium.remote.http.RetryRequest.lambda$apply$6(RetryRequest.java:83)
	at net.jodah.failsafe.Functions.lambda$get$0(Functions.java:48)
	at net.jodah.failsafe.RetryPolicyExecutor.lambda$supply$0(RetryPolicyExecutor.java:66)
	at net.jodah.failsafe.RetryPolicyExecutor.lambda$supply$0(RetryPolicyExecutor.java:66)
	at net.jodah.failsafe.RetryPolicyExecutor.lambda$supply$0(RetryPolicyExecutor.java:66)
	at net.jodah.failsafe.Execution.executeSync(Execution.java:128)
	at net.jodah.failsafe.FailsafeExecutor.call(FailsafeExecutor.java:379)
	at net.jodah.failsafe.FailsafeExecutor.get(FailsafeExecutor.java:68)
	at org.openqa.selenium.remote.http.RetryRequest.lambda$apply$7(RetryRequest.java:83)
	at org.openqa.selenium.remote.http.AddSeleniumUserAgent.lambda$apply$0(AddSeleniumUserAgent.java:42)
	at org.openqa.selenium.remote.http.Filter.lambda$andFinally$1(Filter.java:56)
	at org.openqa.selenium.remote.http.netty.NettyClient.execute(NettyClient.java:110)
	at org.openqa.selenium.remote.HttpCommandExecutor.execute(HttpCommandExecutor.java:181)
	at org.openqa.selenium.remote.service.DriverCommandExecutor.invokeExecute(DriverCommandExecutor.java:167)
	at org.openqa.selenium.remote.service.DriverCommandExecutor.execute(DriverCommandExecutor.java:142)
	at org.openqa.selenium.remote.RemoteWebDriver.execute(RemoteWebDriver.java:543)
	at org.openqa.selenium.remote.RemoteWebDriver.get(RemoteWebDriver.java:312)
	at EdgeSteps.StepsForEdge.navigate_to_amazon_home_page(StepsForEdge.java:29)
	at java.base/jdk.internal.reflect.NativeMethodAccessorImpl.invoke0(Native Method)
	at java.base/jdk.internal.reflect.NativeMethodAccessorImpl.invoke(NativeMethodAccessorImpl.java:64)
	at java.base/jdk.internal.reflect.DelegatingMethodAccessorImpl.invoke(DelegatingMethodAccessorImpl.java:43)
	at java.base/java.lang.reflect.Method.invoke(Method.java:564)
	at io.cucumber.java.Invoker.doInvoke(Invoker.java:66)
	at io.cucumber.java.Invoker.invoke(Invoker.java:24)
	at io.cucumber.java.AbstractGlueDefinition.invokeMethod(AbstractGlueDefinition.java:47)
	at io.cucumber.java.JavaStepDefinition.execute(JavaStepDefinition.java:29)
	at io.cucumber.core.runner.CoreStepDefinition.execute(CoreStepDefinition.java:66)
	at io.cucumber.core.runner.PickleStepDefinitionMatch.runStep(PickleStepDefinitionMatch.java:63)
	at io.cucumber.core.runner.ExecutionMode$1.execute(ExecutionMode.java:10)
	at io.cucumber.core.runner.TestStep.executeStep(TestStep.java:86)
	at io.cucumber.core.runner.TestStep.run(TestStep.java:57)
	at io.cucumber.core.runner.PickleStepTestStep.run(PickleStepTestStep.java:51)
	at io.cucumber.core.runner.TestCase.run(TestCase.java:95)
	at io.cucumber.core.runner.Runner.runPickle(Runner.java:75)
	at io.cucumber.testng.TestNGCucumberRunner.lambda$runScenario$1(TestNGCucumberRunner.java:132)
	at io.cucumber.core.runtime.CucumberExecutionContext.lambda$runTestCase$3(CucumberExecutionContext.java:110)
	at io.cucumber.core.runtime.RethrowingThrowableCollector.executeAndThrow(RethrowingThrowableCollector.java:23)
	at io.cucumber.core.runtime.CucumberExecutionContext.runTestCase(CucumberExecutionContext.java:110)
	at io.cucumber.testng.TestNGCucumberRunner.runScenario(TestNGCucumberRunner.java:129)
	at io.cucumber.testng.AbstractTestNGCucumberTests.runScenario(AbstractTestNGCucumberTests.java:35)
	at java.base/jdk.internal.reflect.NativeMethodAccessorImpl.invoke0(Native Method)
	at java.base/jdk.internal.reflect.NativeMethodAccessorImpl.invoke(NativeMethodAccessorImpl.java:64)
	at java.base/jdk.internal.reflect.DelegatingMethodAccessorImpl.invoke(DelegatingMethodAccessorImpl.java:43)
	at java.base/java.lang.reflect.Method.invoke(Method.java:564)
	at org.testng.internal.MethodInvocationHelper.invokeMethod(MethodInvocationHelper.java:133)
	at org.testng.internal.TestInvoker.invokeMethod(TestInvoker.java:598)
	at org.testng.internal.TestInvoker.invokeTestMethod(TestInvoker.java:173)
	at org.testng.internal.TestMethodWithDataProviderMethodWorker.call(TestMethodWithDataProviderMethodWorker.java:77)
	at org.testng.internal.TestMethodWithDataProviderMethodWorker.call(TestMethodWithDataProviderMethodWorker.java:15)
	at java.base/java.util.concurrent.FutureTask.run(FutureTask.java:264)
	at java.base/java.util.concurrent.Executors$RunnableAdapter.call(Executors.java:515)
	at java.base/java.util.concurrent.FutureTask.run(FutureTask.java:264)
	at java.base/java.util.concurrent.ThreadPoolExecutor.runWorker(ThreadPoolExecutor.java:1130)
	at java.base/java.util.concurrent.ThreadPoolExecutor$Worker.run(ThreadPoolExecutor.java:630)
	at java.base/java.lang.Thread.run(Thread.java:832)
</textarea>
      
      </div>
              </div>
              <div class="step skip-bg" title="EdgeSteps.StepsForEdge.clickOnTheSignInButton()">
                <span>Then click on the sign-in button</span>
      <div>Step skipped
      </div>
              </div>
              <div class="step skip-bg" title="EdgeSteps.StepsForEdge.signPageAppearsPutCorrectMobileNumber()">
                <span>When sign page appears put correct mobile number</span>
      <div>Step skipped
      </div>
              </div>
              <div class="step skip-bg" title="EdgeSteps.StepsForEdge.clickContinueButton()">
                <span>And click continue button</span>
      <div>Step skipped
      </div>
              </div>
              <div class="step skip-bg" title="EdgeSteps.StepsForEdge.verifyPasswordFillingPageIsPopulatedOrNot()">
                <span>Then verify password filling page is populated or not</span>
      <div>Step skipped
      </div>
              </div>
              <div class="step skip-bg" title="EdgeSteps.StepsForEdge.close_browser()">
                <span>And Close browser</span>
      <div>Step skipped
      </div>
              </div>
          </div>
        </div>
  </div>
  <div class="card">
    <div class="card-header" role="tab">
      <div class="card-title">
        <div class="node" id="17"><span class="badge log fail-bg mr-2">Fail</span>PUT INCORRECT MOBILE NO. OR EMAIL IN USERNAME EDIT BOX AND AFTER CLICKING CONTINUE CAPTURE THE ERROR MESSAGE</div>
      </div>
    </div>
        <div class="">
          <div class="card-body">
              <div class="step pass-bg" title="EdgeSteps.StepsForEdge.launch_Edge_browser()">
                <span>Given Launch Edge browser</span>
      <div>
      </div>
              </div>
              <div class="step pass-bg" title="EdgeSteps.StepsForEdge.maximizeTheWindow()">
                <span>Then Maximize the window</span>
      <div>
      </div>
              </div>
              <div class="step pass-bg" title="EdgeSteps.StepsForEdge.navigate_to_amazon_home_page()">
                <span>Then Navigate to amazon home page</span>
      <div>
      </div>
              </div>
              <div class="step fail-bg" title="EdgeSteps.StepsForEdge.clickOnTheSignInButton()">
                <span>Then click on the sign-in button</span>
      <div>
        <textarea disabled class="code-block">org.openqa.selenium.NoSuchWindowException: no such window: target window already closed
from unknown error: web view not found
  (Session info: MicrosoftEdge=96.0.1054.62)
Build info: version: '4.1.1', revision: 'e8fcc2cecf'
System info: host: 'LAPTOP-AP1367K9', ip: '192.168.43.191', os.name: 'Windows 10', os.arch: 'amd64', os.version: '10.0', java.version: '15.0.1'
Driver info: org.openqa.selenium.edge.EdgeDriver
Command: [3102027a829c36b93737e99ccb39a5d2, findElement {using=xpath, value=//*[@id="nav-link-accountList"]}]
Capabilities {acceptInsecureCerts: false, browserName: msedge, browserVersion: 96.0.1054.62, javascriptEnabled: true, ms:edgeOptions: {debuggerAddress: localhost:54774}, msedge: {msedgedriverVersion: 96.0.1054.8 (22f1c881b723a7..., userDataDir: C:\Users\Hp\AppData\Local\T...}, networkConnectionEnabled: false, pageLoadStrategy: normal, platform: WINDOWS, platformName: WINDOWS, proxy: Proxy(), se:cdp: ws://localhost:54774/devtoo..., se:cdpVersion: 96.0.1054.62, setWindowRect: true, strictFileInteractability: false, timeouts: {implicit: 0, pageLoad: 300000, script: 30000}, unhandledPromptBehavior: dismiss and notify, webauthn:extension:credBlob: true, webauthn:extension:largeBlob: true, webauthn:virtualAuthenticators: true}
Session ID: 3102027a829c36b93737e99ccb39a5d2
	at java.base/jdk.internal.reflect.NativeConstructorAccessorImpl.newInstance0(Native Method)
	at java.base/jdk.internal.reflect.NativeConstructorAccessorImpl.newInstance(NativeConstructorAccessorImpl.java:64)
	at java.base/jdk.internal.reflect.DelegatingConstructorAccessorImpl.newInstance(DelegatingConstructorAccessorImpl.java:45)
	at java.base/java.lang.reflect.Constructor.newInstanceWithCaller(Constructor.java:500)
	at java.base/java.lang.reflect.Constructor.newInstance(Constructor.java:481)
	at org.openqa.selenium.remote.codec.w3c.W3CHttpResponseCodec.createException(W3CHttpResponseCodec.java:200)
	at org.openqa.selenium.remote.codec.w3c.W3CHttpResponseCodec.decode(W3CHttpResponseCodec.java:133)
	at org.openqa.selenium.remote.codec.w3c.W3CHttpResponseCodec.decode(W3CHttpResponseCodec.java:53)
	at org.openqa.selenium.remote.HttpCommandExecutor.execute(HttpCommandExecutor.java:184)
	at org.openqa.selenium.remote.service.DriverCommandExecutor.invokeExecute(DriverCommandExecutor.java:167)
	at org.openqa.selenium.remote.service.DriverCommandExecutor.execute(DriverCommandExecutor.java:142)
	at org.openqa.selenium.remote.RemoteWebDriver.execute(RemoteWebDriver.java:543)
	at org.openqa.selenium.remote.ElementLocation$ElementFinder$2.findElement(ElementLocation.java:162)
	at org.openqa.selenium.remote.ElementLocation.findElement(ElementLocation.java:60)
	at org.openqa.selenium.remote.RemoteWebDriver.findElement(RemoteWebDriver.java:367)
	at org.openqa.selenium.remote.RemoteWebDriver.findElement(RemoteWebDriver.java:359)
	at EdgeSteps.StepsForEdge.clickOnTheSignInButton(StepsForEdge.java:52)
	at ✽.click on the sign-in button(file:///C:/TestNgPractice/Feature_Files/Edge_TestNG.feature:48)
</textarea>
      
      </div>
              </div>
              <div class="step skip-bg" title="EdgeSteps.StepsForEdge.signPageAppearsPutIncorrectMobileNumber()">
                <span>When sign page appears put incorrect mobile number</span>
      <div>Step skipped
      </div>
              </div>
              <div class="step skip-bg" title="EdgeSteps.StepsForEdge.clickContinueButton()">
                <span>And click continue button</span>
      <div>Step skipped
      </div>
              </div>
              <div class="step skip-bg" title="EdgeSteps.StepsForEdge.captureTheErrorMessage()">
                <span>Then capture the error message</span>
      <div>Step skipped
      </div>
              </div>
              <div class="step skip-bg" title="EdgeSteps.StepsForEdge.close_browser()">
                <span>And Close browser</span>
      <div>Step skipped
      </div>
              </div>
          </div>
        </div>
  </div>
  <div class="card">
    <div class="card-header" role="tab">
      <div class="card-title">
        <div class="node" id="21"><span class="badge log fail-bg mr-2">Fail</span>IF PRESENT CLICK ON SIGN-IN BUTTON AND VERIFY SIGN IN PAGE IS POPULATED</div>
      </div>
    </div>
        <div class="">
          <div class="card-body">
              <div class="step fail-bg" >
                <span>Given Launch Edge browser</span>
      <div>Step undefined
      </div>
              </div>
              <div class="step skip-bg" title="ChromeSteps.StepsForChrome.maximizeTheWindow()">
                <span>Then Maximize the window</span>
      <div>Step skipped
      </div>
              </div>
              <div class="step skip-bg" title="ChromeSteps.StepsForChrome.navigate_to_amazon_home_page()">
                <span>Then Navigate to amazon home page</span>
      <div>Step skipped
      </div>
              </div>
              <div class="step skip-bg" title="ChromeSteps.StepsForChrome.clickOnTheSignInButton()">
                <span>Then click on the sign-in button</span>
      <div>Step skipped
      </div>
              </div>
              <div class="step skip-bg" title="ChromeSteps.StepsForChrome.pageOpensVerifyTheTitleAs(java.lang.String)">
                <span>When page opens verify the title as "Amazon Sign In"</span>
      <div>Step skipped
      </div>
              </div>
              <div class="step skip-bg" title="ChromeSteps.StepsForChrome.close_browser()">
                <span>And Close browser</span>
      <div>Step skipped
      </div>
              </div>
          </div>
        </div>
  </div>
  <div class="card">
    <div class="card-header" role="tab">
      <div class="card-title">
        <div class="node" id="22"><span class="badge log fail-bg mr-2">Fail</span>TO VERIFY CONTINUE AND CREATE ACCOUNT BUTTONS ARE DISPLAYED AND ENABLED</div>
      </div>
    </div>
        <div class="">
          <div class="card-body">
              <div class="step fail-bg" >
                <span>Given Launch Edge browser</span>
      <div>Step undefined
      </div>
              </div>
              <div class="step skip-bg" title="ChromeSteps.StepsForChrome.maximizeTheWindow()">
                <span>Then Maximize the window</span>
      <div>Step skipped
      </div>
              </div>
              <div class="step skip-bg" title="ChromeSteps.StepsForChrome.navigate_to_amazon_home_page()">
                <span>Then Navigate to amazon home page</span>
      <div>Step skipped
      </div>
              </div>
              <div class="step skip-bg" title="ChromeSteps.StepsForChrome.clickOnTheSignInButton()">
                <span>Then click on the sign-in button</span>
      <div>Step skipped
      </div>
              </div>
              <div class="step skip-bg" title="ChromeSteps.StepsForChrome.signInPageComesVerifyContinueButtonIsEnabled()">
                <span>When sign in page comes verify continue button is enabled</span>
      <div>Step skipped
      </div>
              </div>
              <div class="step skip-bg" title="ChromeSteps.StepsForChrome.alsoCheckForCreateAccountButton()">
                <span>And also check for create account button</span>
      <div>Step skipped
      </div>
              </div>
              <div class="step skip-bg" title="ChromeSteps.StepsForChrome.close_browser()">
                <span>Then Close browser</span>
      <div>Step skipped
      </div>
              </div>
          </div>
        </div>
  </div>
  <div class="card">
    <div class="card-header" role="tab">
      <div class="card-title">
        <div class="node" id="27"><span class="badge log fail-bg mr-2">Fail</span>OPEN EDGE BROWSER,NAVIGATE TO AMAZON PAGE AND VERIFY ITS LOGO AND TITLE</div>
      </div>
    </div>
        <div class="">
          <div class="card-body">
              <div class="step fail-bg" >
                <span>Given Launch Edge browser</span>
      <div>Step undefined
      </div>
              </div>
              <div class="step skip-bg" title="ChromeSteps.StepsForChrome.maximizeTheWindow()">
                <span>Then Maximize the window</span>
      <div>Step skipped
      </div>
              </div>
              <div class="step skip-bg" title="ChromeSteps.StepsForChrome.navigate_to_amazon_home_page()">
                <span>When Navigate to amazon home page</span>
      <div>Step skipped
      </div>
              </div>
              <div class="step skip-bg" title="ChromeSteps.StepsForChrome.verify_the_amazon_logo_is_displayed()">
                <span>Then Verify the amazon logo is displayed</span>
      <div>Step skipped
      </div>
              </div>
              <div class="step skip-bg" title="ChromeSteps.StepsForChrome.verifyTheTitleContainsOnlineShoppingSiteInIndia()">
                <span>Then verify the title contains Online Shopping site in India:</span>
      <div>Step skipped
      </div>
              </div>
              <div class="step skip-bg" title="ChromeSteps.StepsForChrome.close_browser()">
                <span>And Close browser</span>
      <div>Step skipped
      </div>
              </div>
          </div>
        </div>
  </div>
  <div class="card">
    <div class="card-header" role="tab">
      <div class="card-title">
        <div class="node" id="44"><span class="badge log fail-bg mr-2">Fail</span>PUT CORRECT MOBILE NO. OR EMAIL IN USERNAME EDIT BOX THEN AFTER CLICKING CONTINUE CHECK PASSWORD EDIT BOX IS POPULATED OR NOT</div>
      </div>
    </div>
        <div class="">
          <div class="card-body">
              <div class="step fail-bg" >
                <span>Given Launch Edge browser</span>
      <div>Step undefined
      </div>
              </div>
              <div class="step skip-bg" title="ChromeSteps.StepsForChrome.maximizeTheWindow()">
                <span>Then Maximize the window</span>
      <div>Step skipped
      </div>
              </div>
              <div class="step skip-bg" title="ChromeSteps.StepsForChrome.navigate_to_amazon_home_page()">
                <span>Then Navigate to amazon home page</span>
      <div>Step skipped
      </div>
              </div>
              <div class="step skip-bg" title="ChromeSteps.StepsForChrome.clickOnTheSignInButton()">
                <span>Then click on the sign-in button</span>
      <div>Step skipped
      </div>
              </div>
              <div class="step skip-bg" title="ChromeSteps.StepsForChrome.signPageAppearsPutCorrectMobileNumber()">
                <span>When sign page appears put correct mobile number</span>
      <div>Step skipped
      </div>
              </div>
              <div class="step skip-bg" title="ChromeSteps.StepsForChrome.clickContinueButton()">
                <span>And click continue button</span>
      <div>Step skipped
      </div>
              </div>
              <div class="step skip-bg" title="ChromeSteps.StepsForChrome.verifyPasswordFillingPageIsPopulatedOrNot()">
                <span>Then verify password filling page is populated or not</span>
      <div>Step skipped
      </div>
              </div>
              <div class="step skip-bg" title="ChromeSteps.StepsForChrome.close_browser()">
                <span>And Close browser</span>
      <div>Step skipped
      </div>
              </div>
          </div>
        </div>
  </div>
  <div class="card">
    <div class="card-header" role="tab">
      <div class="card-title">
        <div class="node" id="58"><span class="badge log fail-bg mr-2">Fail</span>PUT INCORRECT MOBILE NO. OR EMAIL IN USERNAME EDIT BOX AND AFTER CLICKING CONTINUE CAPTURE THE ERROR MESSAGE</div>
      </div>
    </div>
        <div class="">
          <div class="card-body">
              <div class="step fail-bg" >
                <span>Given Launch Edge browser</span>
      <div>Step undefined
      </div>
              </div>
              <div class="step skip-bg" title="ChromeSteps.StepsForChrome.maximizeTheWindow()">
                <span>Then Maximize the window</span>
      <div>Step skipped
      </div>
              </div>
              <div class="step skip-bg" title="ChromeSteps.StepsForChrome.navigate_to_amazon_home_page()">
                <span>Then Navigate to amazon home page</span>
      <div>Step skipped
      </div>
              </div>
              <div class="step skip-bg" title="ChromeSteps.StepsForChrome.clickOnTheSignInButton()">
                <span>Then click on the sign-in button</span>
      <div>Step skipped
      </div>
              </div>
              <div class="step skip-bg" title="ChromeSteps.StepsForChrome.signPageAppearsPutIncorrectMobileNumber()">
                <span>When sign page appears put incorrect mobile number</span>
      <div>Step skipped
      </div>
              </div>
              <div class="step skip-bg" title="ChromeSteps.StepsForChrome.clickContinueButton()">
                <span>And click continue button</span>
      <div>Step skipped
      </div>
              </div>
              <div class="step skip-bg" title="ChromeSteps.StepsForChrome.captureTheErrorMessage()">
                <span>Then capture the error message</span>
      <div>Step skipped
      </div>
              </div>
              <div class="step skip-bg" title="ChromeSteps.StepsForChrome.close_browser()">
                <span>And Close browser</span>
      <div>Step skipped
      </div>
              </div>
          </div>
        </div>
  </div>
  <div class="card">
    <div class="card-header" role="tab">
      <div class="card-title">
        <div class="node" id="60"><span class="badge log fail-bg mr-2">Fail</span>PUT CORRECT MOBILE NO. OR EMAIL AND PASSWORD THEN CHECK LOGIN IS SUCCESSFUL OR NOT</div>
      </div>
    </div>
        <div class="">
          <div class="card-body">
              <div class="step fail-bg" >
                <span>Given Launch Edge browser</span>
      <div>Step undefined
      </div>
              </div>
              <div class="step skip-bg" title="ChromeSteps.StepsForChrome.maximizeTheWindow()">
                <span>Then Maximize the window</span>
      <div>Step skipped
      </div>
              </div>
              <div class="step skip-bg" title="ChromeSteps.StepsForChrome.navigate_to_amazon_home_page()">
                <span>Then Navigate to amazon home page</span>
      <div>Step skipped
      </div>
              </div>
              <div class="step skip-bg" title="ChromeSteps.StepsForChrome.clickOnTheSignInButton()">
                <span>Then click on the sign-in button</span>
      <div>Step skipped
      </div>
              </div>
              <div class="step skip-bg" title="ChromeSteps.StepsForChrome.signPageAppearsPutCorrectMobileNumber()">
                <span>When sign page appears put correct mobile number</span>
      <div>Step skipped
      </div>
              </div>
              <div class="step skip-bg" title="ChromeSteps.StepsForChrome.clickContinueButton()">
                <span>And click continue button</span>
      <div>Step skipped
      </div>
              </div>
              <div class="step skip-bg" title="ChromeSteps.StepsForChrome.putCorrectPasswordAndClickSignInButton()">
                <span>Then put correct password and click sign in button</span>
      <div>Step skipped
      </div>
              </div>
              <div class="step skip-bg" title="ChromeSteps.StepsForChrome.verifyLoginIsSuccessfulOrNot()">
                <span>And verify login is successful or not</span>
      <div>Step skipped
      </div>
              </div>
              <div class="step skip-bg" title="ChromeSteps.StepsForChrome.close_browser()">
                <span>And Close browser</span>
      <div>Step skipped
      </div>
              </div>
          </div>
        </div>
  </div>
</div>
          </div>
        </li>
      </ul>
    </div>
  </div>
<div class="test-content scrollable">
<div class="test-content-tools">
<ul><li><a class="back-to-test" href="#"><i class="fa fa-arrow-left"></i></a></li></ul>
</div>
<div class="test-content-detail"><div class="detail-body"></div></div>
</div></div>
<div class="test-wrapper row view exception-view attributes-view">
<div class="test-list">
<div class="test-list-tools">
<ul class="tools pull-left"><li><a href=""><span class="font-size-14">Exception</span></a></li></ul>
<ul class="tools text-right"><li><a href="#"><span class="badge badge-primary">3</span></a></li></ul>
</div>
<div class="test-list-wrapper scrollable">
<ul class="test-list-item">
<li class="test-item">
<div class="test-detail">
<span class="meta">
<span class='badge log badge-danger'>8</span>
</span>
<p class="name">org.openqa.selenium.NoSuchWindowException</p>
<p class="duration text-sm">8 tests</p>
</div>
<div class="test-contents d-none">
<div class="info">
<h4>org.openqa.selenium.NoSuchWindowException</h4>
<span status="fail" class='badge log badge-danger'>8 failed</span>
</div>
<table class='table table-sm mt-4'>
<thead>
<tr>
<th class="status-col">Status</th>
<th class="timestamp-col">Timestamp</th>
<th>TestName</th>
</tr>
</thead>
<tbody>
<tr class="tag-test-status" status="fail">
<td><span class="badge log fail-bg">Fail</span></td>
<td>15:43:07 pm</td>
<td>
<a href="#" class="linked" test-id='2' id='104'>Then click on the sign-in button</a>
<div class="">
<span class="badge badge-default">check various functionality of Amazon in Chrome Browser.TO VERIFY CONTINUE AND CREATE ACCOUNT BUTTONS ARE DISPLAYED AND ENABLED.Then click on the sign-in button</span>
</div>
</td>
</tr>
<tr class="tag-test-status" status="fail">
<td><span class="badge log fail-bg">Fail</span></td>
<td>15:43:08 pm</td>
<td>
<a href="#" class="linked" test-id='2' id='108'>Then click on the sign-in button</a>
<div class="">
<span class="badge badge-default">check various functionality of Amazon in Chrome Browser.PUT CORRECT MOBILE NO. OR EMAIL IN USERNAME EDIT BOX THEN AFTER CLICKING CONTINUE CHECK PASSWORD EDIT BOX IS POPULATED OR NOT.Then click on the sign-in button</span>
</div>
</td>
</tr>
<tr class="tag-test-status" status="fail">
<td><span class="badge log fail-bg">Fail</span></td>
<td>15:43:16 pm</td>
<td>
<a href="#" class="linked" test-id='2' id='113'>Then click on the sign-in button</a>
<div class="">
<span class="badge badge-default">check various functionality of Amazon in Chrome Browser.PUT INCORRECT MOBILE NO. OR EMAIL IN USERNAME EDIT BOX AND AFTER CLICKING CONTINUE CAPTURE THE ERROR MESSAGE.Then click on the sign-in button</span>
</div>
</td>
</tr>
<tr class="tag-test-status" status="fail">
<td><span class="badge log fail-bg">Fail</span></td>
<td>15:43:41 pm</td>
<td>
<a href="#" class="linked" test-id='2' id='127'>Then Verify the amazon logo is displayed</a>
<div class="">
<span class="badge badge-default">check various functionality of Amazon in Chrome Browser.OPEN CHROME BROWSER,NAVIGATE TO AMAZON PAGE AND VERIFY ITS LOGO AND TITLE.Then Verify the amazon logo is displayed</span>
</div>
</td>
</tr>
<tr class="tag-test-status" status="fail">
<td><span class="badge log fail-bg">Fail</span></td>
<td>15:43:47 pm</td>
<td>
<a href="#" class="linked" test-id='1' id='130'>Then click on the sign-in button</a>
<div class="">
<span class="badge badge-default">check various functionality of Amazon in Edge Browser.IF PRESENT CLICK ON SIGN-IN BUTTON AND VERIFY SIGN IN PAGE IS POPULATED.Then click on the sign-in button</span>
</div>
</td>
</tr>
<tr class="tag-test-status" status="fail">
<td><span class="badge log fail-bg">Fail</span></td>
<td>15:43:51 pm</td>
<td>
<a href="#" class="linked" test-id='1' id='133'>Then click on the sign-in button</a>
<div class="">
<span class="badge badge-default">check various functionality of Amazon in Edge Browser.TO VERIFY CONTINUE AND CREATE ACCOUNT BUTTONS ARE DISPLAYED AND ENABLED.Then click on the sign-in button</span>
</div>
</td>
</tr>
<tr class="tag-test-status" status="fail">
<td><span class="badge log fail-bg">Fail</span></td>
<td>15:43:54 pm</td>
<td>
<a href="#" class="linked" test-id='1' id='137'>Then click on the sign-in button</a>
<div class="">
<span class="badge badge-default">check various functionality of Amazon in Edge Browser.PUT CORRECT MOBILE NO. OR EMAIL AND PASSWORD THEN CHECK LOGIN IS SUCCESSFUL OR NOT.Then click on the sign-in button</span>
</div>
</td>
</tr>
<tr class="tag-test-status" status="fail">
<td><span class="badge log fail-bg">Fail</span></td>
<td>15:43:56 pm</td>
<td>
<a href="#" class="linked" test-id='1' id='143'>Then click on the sign-in button</a>
<div class="">
<span class="badge badge-default">check various functionality of Amazon in Edge Browser.PUT INCORRECT MOBILE NO. OR EMAIL IN USERNAME EDIT BOX AND AFTER CLICKING CONTINUE CAPTURE THE ERROR MESSAGE.Then click on the sign-in button</span>
</div>
</td>
</tr>
</tbody>
</table>
</div>
</li>
<li class="test-item">
<div class="test-detail">
<span class="meta">
<span class='badge log badge-danger'>3</span>
</span>
<p class="name">org.openqa.selenium.TimeoutException</p>
<p class="duration text-sm">3 tests</p>
</div>
<div class="test-contents d-none">
<div class="info">
<h4>org.openqa.selenium.TimeoutException</h4>
<span status="fail" class='badge log badge-danger'>3 failed</span>
</div>
<table class='table table-sm mt-4'>
<thead>
<tr>
<th class="status-col">Status</th>
<th class="timestamp-col">Timestamp</th>
<th>TestName</th>
</tr>
</thead>
<tbody>
<tr class="tag-test-status" status="fail">
<td><span class="badge log fail-bg">Fail</span></td>
<td>15:40:38 pm</td>
<td>
<a href="#" class="linked" test-id='2' id='85'>Then Navigate to amazon home page</a>
<div class="">
<span class="badge badge-default">check various functionality of Amazon in Chrome Browser.PUT CORRECT MOBILE NO. OR EMAIL AND PASSWORD THEN CHECK LOGIN IS SUCCESSFUL OR NOT.Then Navigate to amazon home page</span>
</div>
</td>
</tr>
<tr class="tag-test-status" status="fail">
<td><span class="badge log fail-bg">Fail</span></td>
<td>15:40:39 pm</td>
<td>
<a href="#" class="linked" test-id='2' id='86'>Then Navigate to amazon home page</a>
<div class="">
<span class="badge badge-default">check various functionality of Amazon in Chrome Browser.IF PRESENT CLICK ON SIGN-IN BUTTON AND VERIFY SIGN IN PAGE IS POPULATED.Then Navigate to amazon home page</span>
</div>
</td>
</tr>
<tr class="tag-test-status" status="fail">
<td><span class="badge log fail-bg">Fail</span></td>
<td>15:41:06 pm</td>
<td>
<a href="#" class="linked" test-id='1' id='97'>Then Navigate to amazon home page</a>
<div class="">
<span class="badge badge-default">check various functionality of Amazon in Edge Browser.PUT CORRECT MOBILE NO. OR EMAIL IN USERNAME EDIT BOX THEN AFTER CLICKING CONTINUE CHECK PASSWORD EDIT BOX IS POPULATED OR NOT.Then Navigate to amazon home page</span>
</div>
</td>
</tr>
</tbody>
</table>
</div>
</li>
<li class="test-item">
<div class="test-detail">
<span class="meta">
<span class='badge log badge-danger'>1</span>
</span>
<p class="name">org.openqa.selenium.NoSuchElementException</p>
<p class="duration text-sm">1 tests</p>
</div>
<div class="test-contents d-none">
<div class="info">
<h4>org.openqa.selenium.NoSuchElementException</h4>
<span status="fail" class='badge log badge-danger'>1 failed</span>
</div>
<table class='table table-sm mt-4'>
<thead>
<tr>
<th class="status-col">Status</th>
<th class="timestamp-col">Timestamp</th>
<th>TestName</th>
</tr>
</thead>
<tbody>
<tr class="tag-test-status" status="fail">
<td><span class="badge log fail-bg">Fail</span></td>
<td>15:42:29 pm</td>
<td>
<a href="#" class="linked" test-id='1' id='101'>Then Verify the amazon logo is displayed</a>
<div class="">
<span class="badge badge-default">check various functionality of Amazon in Edge Browser.OPEN EDGE BROWSER,NAVIGATE TO AMAZON PAGE AND VERIFY ITS LOGO AND TITLE.Then Verify the amazon logo is displayed</span>
</div>
</td>
</tr>
</tbody>
</table>
</div>
</li>
</ul>
</div>
</div>
<div class="test-content scrollable">
<div class="test-content-detail">
<div class="detail-body"></div>
</div>
</div>
</div><div class="test-wrapper row view category-view attributes-view">
<div class="test-list">
<div class="test-list-tools">
<ul class="tools pull-left"><li><a href=""><span class="font-size-14">Category</span></a></li></ul>
<ul class="tools text-right"><li><a href="#"><span class="badge badge-primary">8</span></a></li></ul>
</div>
<div class="test-list-wrapper scrollable">
<ul class="test-list-item">
<li class="test-item">
<div class="test-detail">
<span class="meta">
<span class='badge log badge-danger'>18</span>
</span>
<p class="name">@Feature01</p>
<p class="duration text-sm">18 tests</p>
</div>
<div class="test-contents d-none">
<div class="info">
<h4>@Feature01</h4>
<span status="fail" class='badge log badge-danger'>18 failed</span>
</div>
<table class='table table-sm mt-4'>
<thead>
<tr>
<th class="status-col">Status</th>
<th class="timestamp-col">Timestamp</th>
<th>TestName</th>
</tr>
</thead>
<tbody>
<tr class="tag-test-status" status="fail">
<td><span class="badge log fail-bg">Fail</span></td>
<td>15:40:25 pm</td>
<td>
<a href="#" class="linked" test-id='1' id='4'>OPEN EDGE BROWSER,NAVIGATE TO AMAZON PAGE AND VERIFY ITS LOGO AND TITLE</a>
<div class="">
<span class="badge badge-default">check various functionality of Amazon in Edge Browser.OPEN EDGE BROWSER,NAVIGATE TO AMAZON PAGE AND VERIFY ITS LOGO AND TITLE</span>
</div>
</td>
</tr>
<tr class="tag-test-status" status="fail">
<td><span class="badge log fail-bg">Fail</span></td>
<td>15:40:25 pm</td>
<td>
<a href="#" class="linked" test-id='2' id='3'>TO VERIFY CONTINUE AND CREATE ACCOUNT BUTTONS ARE DISPLAYED AND ENABLED</a>
<div class="">
<span class="badge badge-default">check various functionality of Amazon in Chrome Browser.TO VERIFY CONTINUE AND CREATE ACCOUNT BUTTONS ARE DISPLAYED AND ENABLED</span>
</div>
</td>
</tr>
<tr class="tag-test-status" status="fail">
<td><span class="badge log fail-bg">Fail</span></td>
<td>15:40:25 pm</td>
<td>
<a href="#" class="linked" test-id='2' id='5'>PUT CORRECT MOBILE NO. OR EMAIL AND PASSWORD THEN CHECK LOGIN IS SUCCESSFUL OR NOT</a>
<div class="">
<span class="badge badge-default">check various functionality of Amazon in Chrome Browser.PUT CORRECT MOBILE NO. OR EMAIL AND PASSWORD THEN CHECK LOGIN IS SUCCESSFUL OR NOT</span>
</div>
</td>
</tr>
<tr class="tag-test-status" status="fail">
<td><span class="badge log fail-bg">Fail</span></td>
<td>15:40:25 pm</td>
<td>
<a href="#" class="linked" test-id='1' id='6'>IF PRESENT CLICK ON SIGN-IN BUTTON AND VERIFY SIGN IN PAGE IS POPULATED</a>
<div class="">
<span class="badge badge-default">check various functionality of Amazon in Edge Browser.IF PRESENT CLICK ON SIGN-IN BUTTON AND VERIFY SIGN IN PAGE IS POPULATED</span>
</div>
</td>
</tr>
<tr class="tag-test-status" status="fail">
<td><span class="badge log fail-bg">Fail</span></td>
<td>15:40:25 pm</td>
<td>
<a href="#" class="linked" test-id='1' id='7'>PUT CORRECT MOBILE NO. OR EMAIL AND PASSWORD THEN CHECK LOGIN IS SUCCESSFUL OR NOT</a>
<div class="">
<span class="badge badge-default">check various functionality of Amazon in Edge Browser.PUT CORRECT MOBILE NO. OR EMAIL AND PASSWORD THEN CHECK LOGIN IS SUCCESSFUL OR NOT</span>
</div>
</td>
</tr>
<tr class="tag-test-status" status="fail">
<td><span class="badge log fail-bg">Fail</span></td>
<td>15:40:25 pm</td>
<td>
<a href="#" class="linked" test-id='1' id='8'>TO VERIFY CONTINUE AND CREATE ACCOUNT BUTTONS ARE DISPLAYED AND ENABLED</a>
<div class="">
<span class="badge badge-default">check various functionality of Amazon in Edge Browser.TO VERIFY CONTINUE AND CREATE ACCOUNT BUTTONS ARE DISPLAYED AND ENABLED</span>
</div>
</td>
</tr>
<tr class="tag-test-status" status="fail">
<td><span class="badge log fail-bg">Fail</span></td>
<td>15:40:25 pm</td>
<td>
<a href="#" class="linked" test-id='1' id='11'>PUT CORRECT MOBILE NO. OR EMAIL IN USERNAME EDIT BOX THEN AFTER CLICKING CONTINUE CHECK PASSWORD EDIT BOX IS POPULATED OR NOT</a>
<div class="">
<span class="badge badge-default">check various functionality of Amazon in Edge Browser.PUT CORRECT MOBILE NO. OR EMAIL IN USERNAME EDIT BOX THEN AFTER CLICKING CONTINUE CHECK PASSWORD EDIT BOX IS POPULATED OR NOT</span>
</div>
</td>
</tr>
<tr class="tag-test-status" status="fail">
<td><span class="badge log fail-bg">Fail</span></td>
<td>15:40:25 pm</td>
<td>
<a href="#" class="linked" test-id='2' id='12'>PUT INCORRECT MOBILE NO. OR EMAIL IN USERNAME EDIT BOX AND AFTER CLICKING CONTINUE CAPTURE THE ERROR MESSAGE</a>
<div class="">
<span class="badge badge-default">check various functionality of Amazon in Chrome Browser.PUT INCORRECT MOBILE NO. OR EMAIL IN USERNAME EDIT BOX AND AFTER CLICKING CONTINUE CAPTURE THE ERROR MESSAGE</span>
</div>
</td>
</tr>
<tr class="tag-test-status" status="fail">
<td><span class="badge log fail-bg">Fail</span></td>
<td>15:40:25 pm</td>
<td>
<a href="#" class="linked" test-id='1' id='17'>PUT INCORRECT MOBILE NO. OR EMAIL IN USERNAME EDIT BOX AND AFTER CLICKING CONTINUE CAPTURE THE ERROR MESSAGE</a>
<div class="">
<span class="badge badge-default">check various functionality of Amazon in Edge Browser.PUT INCORRECT MOBILE NO. OR EMAIL IN USERNAME EDIT BOX AND AFTER CLICKING CONTINUE CAPTURE THE ERROR MESSAGE</span>
</div>
</td>
</tr>
<tr class="tag-test-status" status="fail">
<td><span class="badge log fail-bg">Fail</span></td>
<td>15:40:25 pm</td>
<td>
<a href="#" class="linked" test-id='1' id='21'>IF PRESENT CLICK ON SIGN-IN BUTTON AND VERIFY SIGN IN PAGE IS POPULATED</a>
<div class="">
<span class="badge badge-default">check various functionality of Amazon in Edge Browser.IF PRESENT CLICK ON SIGN-IN BUTTON AND VERIFY SIGN IN PAGE IS POPULATED</span>
</div>
</td>
</tr>
<tr class="tag-test-status" status="fail">
<td><span class="badge log fail-bg">Fail</span></td>
<td>15:40:25 pm</td>
<td>
<a href="#" class="linked" test-id='1' id='22'>TO VERIFY CONTINUE AND CREATE ACCOUNT BUTTONS ARE DISPLAYED AND ENABLED</a>
<div class="">
<span class="badge badge-default">check various functionality of Amazon in Edge Browser.TO VERIFY CONTINUE AND CREATE ACCOUNT BUTTONS ARE DISPLAYED AND ENABLED</span>
</div>
</td>
</tr>
<tr class="tag-test-status" status="fail">
<td><span class="badge log fail-bg">Fail</span></td>
<td>15:40:25 pm</td>
<td>
<a href="#" class="linked" test-id='2' id='25'>OPEN CHROME BROWSER,NAVIGATE TO AMAZON PAGE AND VERIFY ITS LOGO AND TITLE</a>
<div class="">
<span class="badge badge-default">check various functionality of Amazon in Chrome Browser.OPEN CHROME BROWSER,NAVIGATE TO AMAZON PAGE AND VERIFY ITS LOGO AND TITLE</span>
</div>
</td>
</tr>
<tr class="tag-test-status" status="fail">
<td><span class="badge log fail-bg">Fail</span></td>
<td>15:40:25 pm</td>
<td>
<a href="#" class="linked" test-id='1' id='27'>OPEN EDGE BROWSER,NAVIGATE TO AMAZON PAGE AND VERIFY ITS LOGO AND TITLE</a>
<div class="">
<span class="badge badge-default">check various functionality of Amazon in Edge Browser.OPEN EDGE BROWSER,NAVIGATE TO AMAZON PAGE AND VERIFY ITS LOGO AND TITLE</span>
</div>
</td>
</tr>
<tr class="tag-test-status" status="fail">
<td><span class="badge log fail-bg">Fail</span></td>
<td>15:40:25 pm</td>
<td>
<a href="#" class="linked" test-id='2' id='28'>PUT CORRECT MOBILE NO. OR EMAIL IN USERNAME EDIT BOX THEN AFTER CLICKING CONTINUE CHECK PASSWORD EDIT BOX IS POPULATED OR NOT</a>
<div class="">
<span class="badge badge-default">check various functionality of Amazon in Chrome Browser.PUT CORRECT MOBILE NO. OR EMAIL IN USERNAME EDIT BOX THEN AFTER CLICKING CONTINUE CHECK PASSWORD EDIT BOX IS POPULATED OR NOT</span>
</div>
</td>
</tr>
<tr class="tag-test-status" status="fail">
<td><span class="badge log fail-bg">Fail</span></td>
<td>15:40:25 pm</td>
<td>
<a href="#" class="linked" test-id='2' id='30'>IF PRESENT CLICK ON SIGN-IN BUTTON AND VERIFY SIGN IN PAGE IS POPULATED</a>
<div class="">
<span class="badge badge-default">check various functionality of Amazon in Chrome Browser.IF PRESENT CLICK ON SIGN-IN BUTTON AND VERIFY SIGN IN PAGE IS POPULATED</span>
</div>
</td>
</tr>
<tr class="tag-test-status" status="fail">
<td><span class="badge log fail-bg">Fail</span></td>
<td>15:40:25 pm</td>
<td>
<a href="#" class="linked" test-id='1' id='44'>PUT CORRECT MOBILE NO. OR EMAIL IN USERNAME EDIT BOX THEN AFTER CLICKING CONTINUE CHECK PASSWORD EDIT BOX IS POPULATED OR NOT</a>
<div class="">
<span class="badge badge-default">check various functionality of Amazon in Edge Browser.PUT CORRECT MOBILE NO. OR EMAIL IN USERNAME EDIT BOX THEN AFTER CLICKING CONTINUE CHECK PASSWORD EDIT BOX IS POPULATED OR NOT</span>
</div>
</td>
</tr>
<tr class="tag-test-status" status="fail">
<td><span class="badge log fail-bg">Fail</span></td>
<td>15:40:25 pm</td>
<td>
<a href="#" class="linked" test-id='1' id='58'>PUT INCORRECT MOBILE NO. OR EMAIL IN USERNAME EDIT BOX AND AFTER CLICKING CONTINUE CAPTURE THE ERROR MESSAGE</a>
<div class="">
<span class="badge badge-default">check various functionality of Amazon in Edge Browser.PUT INCORRECT MOBILE NO. OR EMAIL IN USERNAME EDIT BOX AND AFTER CLICKING CONTINUE CAPTURE THE ERROR MESSAGE</span>
</div>
</td>
</tr>
<tr class="tag-test-status" status="fail">
<td><span class="badge log fail-bg">Fail</span></td>
<td>15:40:25 pm</td>
<td>
<a href="#" class="linked" test-id='1' id='60'>PUT CORRECT MOBILE NO. OR EMAIL AND PASSWORD THEN CHECK LOGIN IS SUCCESSFUL OR NOT</a>
<div class="">
<span class="badge badge-default">check various functionality of Amazon in Edge Browser.PUT CORRECT MOBILE NO. OR EMAIL AND PASSWORD THEN CHECK LOGIN IS SUCCESSFUL OR NOT</span>
</div>
</td>
</tr>
</tbody>
</table>
</div>
</li>
<li class="test-item">
<div class="test-detail">
<span class="meta">
<span class='badge log badge-danger'>3</span>
</span>
<p class="name">@Test01_04</p>
<p class="duration text-sm">3 tests</p>
</div>
<div class="test-contents d-none">
<div class="info">
<h4>@Test01_04</h4>
<span status="fail" class='badge log badge-danger'>3 failed</span>
</div>
<table class='table table-sm mt-4'>
<thead>
<tr>
<th class="status-col">Status</th>
<th class="timestamp-col">Timestamp</th>
<th>TestName</th>
</tr>
</thead>
<tbody>
<tr class="tag-test-status" status="fail">
<td><span class="badge log fail-bg">Fail</span></td>
<td>15:40:25 pm</td>
<td>
<a href="#" class="linked" test-id='1' id='11'>PUT CORRECT MOBILE NO. OR EMAIL IN USERNAME EDIT BOX THEN AFTER CLICKING CONTINUE CHECK PASSWORD EDIT BOX IS POPULATED OR NOT</a>
<div class="">
<span class="badge badge-default">check various functionality of Amazon in Edge Browser.PUT CORRECT MOBILE NO. OR EMAIL IN USERNAME EDIT BOX THEN AFTER CLICKING CONTINUE CHECK PASSWORD EDIT BOX IS POPULATED OR NOT</span>
</div>
</td>
</tr>
<tr class="tag-test-status" status="fail">
<td><span class="badge log fail-bg">Fail</span></td>
<td>15:40:25 pm</td>
<td>
<a href="#" class="linked" test-id='2' id='28'>PUT CORRECT MOBILE NO. OR EMAIL IN USERNAME EDIT BOX THEN AFTER CLICKING CONTINUE CHECK PASSWORD EDIT BOX IS POPULATED OR NOT</a>
<div class="">
<span class="badge badge-default">check various functionality of Amazon in Chrome Browser.PUT CORRECT MOBILE NO. OR EMAIL IN USERNAME EDIT BOX THEN AFTER CLICKING CONTINUE CHECK PASSWORD EDIT BOX IS POPULATED OR NOT</span>
</div>
</td>
</tr>
<tr class="tag-test-status" status="fail">
<td><span class="badge log fail-bg">Fail</span></td>
<td>15:40:25 pm</td>
<td>
<a href="#" class="linked" test-id='1' id='44'>PUT CORRECT MOBILE NO. OR EMAIL IN USERNAME EDIT BOX THEN AFTER CLICKING CONTINUE CHECK PASSWORD EDIT BOX IS POPULATED OR NOT</a>
<div class="">
<span class="badge badge-default">check various functionality of Amazon in Edge Browser.PUT CORRECT MOBILE NO. OR EMAIL IN USERNAME EDIT BOX THEN AFTER CLICKING CONTINUE CHECK PASSWORD EDIT BOX IS POPULATED OR NOT</span>
</div>
</td>
</tr>
</tbody>
</table>
</div>
</li>
<li class="test-item">
<div class="test-detail">
<span class="meta">
<span class='badge log badge-danger'>3</span>
</span>
<p class="name">@Test01_02</p>
<p class="duration text-sm">3 tests</p>
</div>
<div class="test-contents d-none">
<div class="info">
<h4>@Test01_02</h4>
<span status="fail" class='badge log badge-danger'>3 failed</span>
</div>
<table class='table table-sm mt-4'>
<thead>
<tr>
<th class="status-col">Status</th>
<th class="timestamp-col">Timestamp</th>
<th>TestName</th>
</tr>
</thead>
<tbody>
<tr class="tag-test-status" status="fail">
<td><span class="badge log fail-bg">Fail</span></td>
<td>15:40:25 pm</td>
<td>
<a href="#" class="linked" test-id='1' id='6'>IF PRESENT CLICK ON SIGN-IN BUTTON AND VERIFY SIGN IN PAGE IS POPULATED</a>
<div class="">
<span class="badge badge-default">check various functionality of Amazon in Edge Browser.IF PRESENT CLICK ON SIGN-IN BUTTON AND VERIFY SIGN IN PAGE IS POPULATED</span>
</div>
</td>
</tr>
<tr class="tag-test-status" status="fail">
<td><span class="badge log fail-bg">Fail</span></td>
<td>15:40:25 pm</td>
<td>
<a href="#" class="linked" test-id='1' id='21'>IF PRESENT CLICK ON SIGN-IN BUTTON AND VERIFY SIGN IN PAGE IS POPULATED</a>
<div class="">
<span class="badge badge-default">check various functionality of Amazon in Edge Browser.IF PRESENT CLICK ON SIGN-IN BUTTON AND VERIFY SIGN IN PAGE IS POPULATED</span>
</div>
</td>
</tr>
<tr class="tag-test-status" status="fail">
<td><span class="badge log fail-bg">Fail</span></td>
<td>15:40:25 pm</td>
<td>
<a href="#" class="linked" test-id='2' id='30'>IF PRESENT CLICK ON SIGN-IN BUTTON AND VERIFY SIGN IN PAGE IS POPULATED</a>
<div class="">
<span class="badge badge-default">check various functionality of Amazon in Chrome Browser.IF PRESENT CLICK ON SIGN-IN BUTTON AND VERIFY SIGN IN PAGE IS POPULATED</span>
</div>
</td>
</tr>
</tbody>
</table>
</div>
</li>
<li class="test-item">
<div class="test-detail">
<span class="meta">
<span class='badge log badge-danger'>3</span>
</span>
<p class="name">@Test01_01</p>
<p class="duration text-sm">3 tests</p>
</div>
<div class="test-contents d-none">
<div class="info">
<h4>@Test01_01</h4>
<span status="fail" class='badge log badge-danger'>3 failed</span>
</div>
<table class='table table-sm mt-4'>
<thead>
<tr>
<th class="status-col">Status</th>
<th class="timestamp-col">Timestamp</th>
<th>TestName</th>
</tr>
</thead>
<tbody>
<tr class="tag-test-status" status="fail">
<td><span class="badge log fail-bg">Fail</span></td>
<td>15:40:25 pm</td>
<td>
<a href="#" class="linked" test-id='1' id='4'>OPEN EDGE BROWSER,NAVIGATE TO AMAZON PAGE AND VERIFY ITS LOGO AND TITLE</a>
<div class="">
<span class="badge badge-default">check various functionality of Amazon in Edge Browser.OPEN EDGE BROWSER,NAVIGATE TO AMAZON PAGE AND VERIFY ITS LOGO AND TITLE</span>
</div>
</td>
</tr>
<tr class="tag-test-status" status="fail">
<td><span class="badge log fail-bg">Fail</span></td>
<td>15:40:25 pm</td>
<td>
<a href="#" class="linked" test-id='2' id='25'>OPEN CHROME BROWSER,NAVIGATE TO AMAZON PAGE AND VERIFY ITS LOGO AND TITLE</a>
<div class="">
<span class="badge badge-default">check various functionality of Amazon in Chrome Browser.OPEN CHROME BROWSER,NAVIGATE TO AMAZON PAGE AND VERIFY ITS LOGO AND TITLE</span>
</div>
</td>
</tr>
<tr class="tag-test-status" status="fail">
<td><span class="badge log fail-bg">Fail</span></td>
<td>15:40:25 pm</td>
<td>
<a href="#" class="linked" test-id='1' id='27'>OPEN EDGE BROWSER,NAVIGATE TO AMAZON PAGE AND VERIFY ITS LOGO AND TITLE</a>
<div class="">
<span class="badge badge-default">check various functionality of Amazon in Edge Browser.OPEN EDGE BROWSER,NAVIGATE TO AMAZON PAGE AND VERIFY ITS LOGO AND TITLE</span>
</div>
</td>
</tr>
</tbody>
</table>
</div>
</li>
<li class="test-item">
<div class="test-detail">
<span class="meta">
<span class='badge log badge-danger'>18</span>
</span>
<p class="name">@Scenario01</p>
<p class="duration text-sm">18 tests</p>
</div>
<div class="test-contents d-none">
<div class="info">
<h4>@Scenario01</h4>
<span status="fail" class='badge log badge-danger'>18 failed</span>
</div>
<table class='table table-sm mt-4'>
<thead>
<tr>
<th class="status-col">Status</th>
<th class="timestamp-col">Timestamp</th>
<th>TestName</th>
</tr>
</thead>
<tbody>
<tr class="tag-test-status" status="fail">
<td><span class="badge log fail-bg">Fail</span></td>
<td>15:40:25 pm</td>
<td>
<a href="#" class="linked" test-id='1' id='4'>OPEN EDGE BROWSER,NAVIGATE TO AMAZON PAGE AND VERIFY ITS LOGO AND TITLE</a>
<div class="">
<span class="badge badge-default">check various functionality of Amazon in Edge Browser.OPEN EDGE BROWSER,NAVIGATE TO AMAZON PAGE AND VERIFY ITS LOGO AND TITLE</span>
</div>
</td>
</tr>
<tr class="tag-test-status" status="fail">
<td><span class="badge log fail-bg">Fail</span></td>
<td>15:40:25 pm</td>
<td>
<a href="#" class="linked" test-id='2' id='3'>TO VERIFY CONTINUE AND CREATE ACCOUNT BUTTONS ARE DISPLAYED AND ENABLED</a>
<div class="">
<span class="badge badge-default">check various functionality of Amazon in Chrome Browser.TO VERIFY CONTINUE AND CREATE ACCOUNT BUTTONS ARE DISPLAYED AND ENABLED</span>
</div>
</td>
</tr>
<tr class="tag-test-status" status="fail">
<td><span class="badge log fail-bg">Fail</span></td>
<td>15:40:25 pm</td>
<td>
<a href="#" class="linked" test-id='2' id='5'>PUT CORRECT MOBILE NO. OR EMAIL AND PASSWORD THEN CHECK LOGIN IS SUCCESSFUL OR NOT</a>
<div class="">
<span class="badge badge-default">check various functionality of Amazon in Chrome Browser.PUT CORRECT MOBILE NO. OR EMAIL AND PASSWORD THEN CHECK LOGIN IS SUCCESSFUL OR NOT</span>
</div>
</td>
</tr>
<tr class="tag-test-status" status="fail">
<td><span class="badge log fail-bg">Fail</span></td>
<td>15:40:25 pm</td>
<td>
<a href="#" class="linked" test-id='1' id='6'>IF PRESENT CLICK ON SIGN-IN BUTTON AND VERIFY SIGN IN PAGE IS POPULATED</a>
<div class="">
<span class="badge badge-default">check various functionality of Amazon in Edge Browser.IF PRESENT CLICK ON SIGN-IN BUTTON AND VERIFY SIGN IN PAGE IS POPULATED</span>
</div>
</td>
</tr>
<tr class="tag-test-status" status="fail">
<td><span class="badge log fail-bg">Fail</span></td>
<td>15:40:25 pm</td>
<td>
<a href="#" class="linked" test-id='1' id='7'>PUT CORRECT MOBILE NO. OR EMAIL AND PASSWORD THEN CHECK LOGIN IS SUCCESSFUL OR NOT</a>
<div class="">
<span class="badge badge-default">check various functionality of Amazon in Edge Browser.PUT CORRECT MOBILE NO. OR EMAIL AND PASSWORD THEN CHECK LOGIN IS SUCCESSFUL OR NOT</span>
</div>
</td>
</tr>
<tr class="tag-test-status" status="fail">
<td><span class="badge log fail-bg">Fail</span></td>
<td>15:40:25 pm</td>
<td>
<a href="#" class="linked" test-id='1' id='8'>TO VERIFY CONTINUE AND CREATE ACCOUNT BUTTONS ARE DISPLAYED AND ENABLED</a>
<div class="">
<span class="badge badge-default">check various functionality of Amazon in Edge Browser.TO VERIFY CONTINUE AND CREATE ACCOUNT BUTTONS ARE DISPLAYED AND ENABLED</span>
</div>
</td>
</tr>
<tr class="tag-test-status" status="fail">
<td><span class="badge log fail-bg">Fail</span></td>
<td>15:40:25 pm</td>
<td>
<a href="#" class="linked" test-id='1' id='11'>PUT CORRECT MOBILE NO. OR EMAIL IN USERNAME EDIT BOX THEN AFTER CLICKING CONTINUE CHECK PASSWORD EDIT BOX IS POPULATED OR NOT</a>
<div class="">
<span class="badge badge-default">check various functionality of Amazon in Edge Browser.PUT CORRECT MOBILE NO. OR EMAIL IN USERNAME EDIT BOX THEN AFTER CLICKING CONTINUE CHECK PASSWORD EDIT BOX IS POPULATED OR NOT</span>
</div>
</td>
</tr>
<tr class="tag-test-status" status="fail">
<td><span class="badge log fail-bg">Fail</span></td>
<td>15:40:25 pm</td>
<td>
<a href="#" class="linked" test-id='2' id='12'>PUT INCORRECT MOBILE NO. OR EMAIL IN USERNAME EDIT BOX AND AFTER CLICKING CONTINUE CAPTURE THE ERROR MESSAGE</a>
<div class="">
<span class="badge badge-default">check various functionality of Amazon in Chrome Browser.PUT INCORRECT MOBILE NO. OR EMAIL IN USERNAME EDIT BOX AND AFTER CLICKING CONTINUE CAPTURE THE ERROR MESSAGE</span>
</div>
</td>
</tr>
<tr class="tag-test-status" status="fail">
<td><span class="badge log fail-bg">Fail</span></td>
<td>15:40:25 pm</td>
<td>
<a href="#" class="linked" test-id='1' id='17'>PUT INCORRECT MOBILE NO. OR EMAIL IN USERNAME EDIT BOX AND AFTER CLICKING CONTINUE CAPTURE THE ERROR MESSAGE</a>
<div class="">
<span class="badge badge-default">check various functionality of Amazon in Edge Browser.PUT INCORRECT MOBILE NO. OR EMAIL IN USERNAME EDIT BOX AND AFTER CLICKING CONTINUE CAPTURE THE ERROR MESSAGE</span>
</div>
</td>
</tr>
<tr class="tag-test-status" status="fail">
<td><span class="badge log fail-bg">Fail</span></td>
<td>15:40:25 pm</td>
<td>
<a href="#" class="linked" test-id='1' id='21'>IF PRESENT CLICK ON SIGN-IN BUTTON AND VERIFY SIGN IN PAGE IS POPULATED</a>
<div class="">
<span class="badge badge-default">check various functionality of Amazon in Edge Browser.IF PRESENT CLICK ON SIGN-IN BUTTON AND VERIFY SIGN IN PAGE IS POPULATED</span>
</div>
</td>
</tr>
<tr class="tag-test-status" status="fail">
<td><span class="badge log fail-bg">Fail</span></td>
<td>15:40:25 pm</td>
<td>
<a href="#" class="linked" test-id='1' id='22'>TO VERIFY CONTINUE AND CREATE ACCOUNT BUTTONS ARE DISPLAYED AND ENABLED</a>
<div class="">
<span class="badge badge-default">check various functionality of Amazon in Edge Browser.TO VERIFY CONTINUE AND CREATE ACCOUNT BUTTONS ARE DISPLAYED AND ENABLED</span>
</div>
</td>
</tr>
<tr class="tag-test-status" status="fail">
<td><span class="badge log fail-bg">Fail</span></td>
<td>15:40:25 pm</td>
<td>
<a href="#" class="linked" test-id='2' id='25'>OPEN CHROME BROWSER,NAVIGATE TO AMAZON PAGE AND VERIFY ITS LOGO AND TITLE</a>
<div class="">
<span class="badge badge-default">check various functionality of Amazon in Chrome Browser.OPEN CHROME BROWSER,NAVIGATE TO AMAZON PAGE AND VERIFY ITS LOGO AND TITLE</span>
</div>
</td>
</tr>
<tr class="tag-test-status" status="fail">
<td><span class="badge log fail-bg">Fail</span></td>
<td>15:40:25 pm</td>
<td>
<a href="#" class="linked" test-id='1' id='27'>OPEN EDGE BROWSER,NAVIGATE TO AMAZON PAGE AND VERIFY ITS LOGO AND TITLE</a>
<div class="">
<span class="badge badge-default">check various functionality of Amazon in Edge Browser.OPEN EDGE BROWSER,NAVIGATE TO AMAZON PAGE AND VERIFY ITS LOGO AND TITLE</span>
</div>
</td>
</tr>
<tr class="tag-test-status" status="fail">
<td><span class="badge log fail-bg">Fail</span></td>
<td>15:40:25 pm</td>
<td>
<a href="#" class="linked" test-id='2' id='28'>PUT CORRECT MOBILE NO. OR EMAIL IN USERNAME EDIT BOX THEN AFTER CLICKING CONTINUE CHECK PASSWORD EDIT BOX IS POPULATED OR NOT</a>
<div class="">
<span class="badge badge-default">check various functionality of Amazon in Chrome Browser.PUT CORRECT MOBILE NO. OR EMAIL IN USERNAME EDIT BOX THEN AFTER CLICKING CONTINUE CHECK PASSWORD EDIT BOX IS POPULATED OR NOT</span>
</div>
</td>
</tr>
<tr class="tag-test-status" status="fail">
<td><span class="badge log fail-bg">Fail</span></td>
<td>15:40:25 pm</td>
<td>
<a href="#" class="linked" test-id='2' id='30'>IF PRESENT CLICK ON SIGN-IN BUTTON AND VERIFY SIGN IN PAGE IS POPULATED</a>
<div class="">
<span class="badge badge-default">check various functionality of Amazon in Chrome Browser.IF PRESENT CLICK ON SIGN-IN BUTTON AND VERIFY SIGN IN PAGE IS POPULATED</span>
</div>
</td>
</tr>
<tr class="tag-test-status" status="fail">
<td><span class="badge log fail-bg">Fail</span></td>
<td>15:40:25 pm</td>
<td>
<a href="#" class="linked" test-id='1' id='44'>PUT CORRECT MOBILE NO. OR EMAIL IN USERNAME EDIT BOX THEN AFTER CLICKING CONTINUE CHECK PASSWORD EDIT BOX IS POPULATED OR NOT</a>
<div class="">
<span class="badge badge-default">check various functionality of Amazon in Edge Browser.PUT CORRECT MOBILE NO. OR EMAIL IN USERNAME EDIT BOX THEN AFTER CLICKING CONTINUE CHECK PASSWORD EDIT BOX IS POPULATED OR NOT</span>
</div>
</td>
</tr>
<tr class="tag-test-status" status="fail">
<td><span class="badge log fail-bg">Fail</span></td>
<td>15:40:25 pm</td>
<td>
<a href="#" class="linked" test-id='1' id='58'>PUT INCORRECT MOBILE NO. OR EMAIL IN USERNAME EDIT BOX AND AFTER CLICKING CONTINUE CAPTURE THE ERROR MESSAGE</a>
<div class="">
<span class="badge badge-default">check various functionality of Amazon in Edge Browser.PUT INCORRECT MOBILE NO. OR EMAIL IN USERNAME EDIT BOX AND AFTER CLICKING CONTINUE CAPTURE THE ERROR MESSAGE</span>
</div>
</td>
</tr>
<tr class="tag-test-status" status="fail">
<td><span class="badge log fail-bg">Fail</span></td>
<td>15:40:25 pm</td>
<td>
<a href="#" class="linked" test-id='1' id='60'>PUT CORRECT MOBILE NO. OR EMAIL AND PASSWORD THEN CHECK LOGIN IS SUCCESSFUL OR NOT</a>
<div class="">
<span class="badge badge-default">check various functionality of Amazon in Edge Browser.PUT CORRECT MOBILE NO. OR EMAIL AND PASSWORD THEN CHECK LOGIN IS SUCCESSFUL OR NOT</span>
</div>
</td>
</tr>
</tbody>
</table>
</div>
</li>
<li class="test-item">
<div class="test-detail">
<span class="meta">
<span class='badge log badge-danger'>3</span>
</span>
<p class="name">@Test01_05</p>
<p class="duration text-sm">3 tests</p>
</div>
<div class="test-contents d-none">
<div class="info">
<h4>@Test01_05</h4>
<span status="fail" class='badge log badge-danger'>3 failed</span>
</div>
<table class='table table-sm mt-4'>
<thead>
<tr>
<th class="status-col">Status</th>
<th class="timestamp-col">Timestamp</th>
<th>TestName</th>
</tr>
</thead>
<tbody>
<tr class="tag-test-status" status="fail">
<td><span class="badge log fail-bg">Fail</span></td>
<td>15:40:25 pm</td>
<td>
<a href="#" class="linked" test-id='2' id='12'>PUT INCORRECT MOBILE NO. OR EMAIL IN USERNAME EDIT BOX AND AFTER CLICKING CONTINUE CAPTURE THE ERROR MESSAGE</a>
<div class="">
<span class="badge badge-default">check various functionality of Amazon in Chrome Browser.PUT INCORRECT MOBILE NO. OR EMAIL IN USERNAME EDIT BOX AND AFTER CLICKING CONTINUE CAPTURE THE ERROR MESSAGE</span>
</div>
</td>
</tr>
<tr class="tag-test-status" status="fail">
<td><span class="badge log fail-bg">Fail</span></td>
<td>15:40:25 pm</td>
<td>
<a href="#" class="linked" test-id='1' id='17'>PUT INCORRECT MOBILE NO. OR EMAIL IN USERNAME EDIT BOX AND AFTER CLICKING CONTINUE CAPTURE THE ERROR MESSAGE</a>
<div class="">
<span class="badge badge-default">check various functionality of Amazon in Edge Browser.PUT INCORRECT MOBILE NO. OR EMAIL IN USERNAME EDIT BOX AND AFTER CLICKING CONTINUE CAPTURE THE ERROR MESSAGE</span>
</div>
</td>
</tr>
<tr class="tag-test-status" status="fail">
<td><span class="badge log fail-bg">Fail</span></td>
<td>15:40:25 pm</td>
<td>
<a href="#" class="linked" test-id='1' id='58'>PUT INCORRECT MOBILE NO. OR EMAIL IN USERNAME EDIT BOX AND AFTER CLICKING CONTINUE CAPTURE THE ERROR MESSAGE</a>
<div class="">
<span class="badge badge-default">check various functionality of Amazon in Edge Browser.PUT INCORRECT MOBILE NO. OR EMAIL IN USERNAME EDIT BOX AND AFTER CLICKING CONTINUE CAPTURE THE ERROR MESSAGE</span>
</div>
</td>
</tr>
</tbody>
</table>
</div>
</li>
<li class="test-item">
<div class="test-detail">
<span class="meta">
<span class='badge log badge-danger'>3</span>
</span>
<p class="name">@Test01_06</p>
<p class="duration text-sm">3 tests</p>
</div>
<div class="test-contents d-none">
<div class="info">
<h4>@Test01_06</h4>
<span status="fail" class='badge log badge-danger'>3 failed</span>
</div>
<table class='table table-sm mt-4'>
<thead>
<tr>
<th class="status-col">Status</th>
<th class="timestamp-col">Timestamp</th>
<th>TestName</th>
</tr>
</thead>
<tbody>
<tr class="tag-test-status" status="fail">
<td><span class="badge log fail-bg">Fail</span></td>
<td>15:40:25 pm</td>
<td>
<a href="#" class="linked" test-id='2' id='5'>PUT CORRECT MOBILE NO. OR EMAIL AND PASSWORD THEN CHECK LOGIN IS SUCCESSFUL OR NOT</a>
<div class="">
<span class="badge badge-default">check various functionality of Amazon in Chrome Browser.PUT CORRECT MOBILE NO. OR EMAIL AND PASSWORD THEN CHECK LOGIN IS SUCCESSFUL OR NOT</span>
</div>
</td>
</tr>
<tr class="tag-test-status" status="fail">
<td><span class="badge log fail-bg">Fail</span></td>
<td>15:40:25 pm</td>
<td>
<a href="#" class="linked" test-id='1' id='7'>PUT CORRECT MOBILE NO. OR EMAIL AND PASSWORD THEN CHECK LOGIN IS SUCCESSFUL OR NOT</a>
<div class="">
<span class="badge badge-default">check various functionality of Amazon in Edge Browser.PUT CORRECT MOBILE NO. OR EMAIL AND PASSWORD THEN CHECK LOGIN IS SUCCESSFUL OR NOT</span>
</div>
</td>
</tr>
<tr class="tag-test-status" status="fail">
<td><span class="badge log fail-bg">Fail</span></td>
<td>15:40:25 pm</td>
<td>
<a href="#" class="linked" test-id='1' id='60'>PUT CORRECT MOBILE NO. OR EMAIL AND PASSWORD THEN CHECK LOGIN IS SUCCESSFUL OR NOT</a>
<div class="">
<span class="badge badge-default">check various functionality of Amazon in Edge Browser.PUT CORRECT MOBILE NO. OR EMAIL AND PASSWORD THEN CHECK LOGIN IS SUCCESSFUL OR NOT</span>
</div>
</td>
</tr>
</tbody>
</table>
</div>
</li>
<li class="test-item">
<div class="test-detail">
<span class="meta">
<span class='badge log badge-danger'>3</span>
</span>
<p class="name">@Test01_03</p>
<p class="duration text-sm">3 tests</p>
</div>
<div class="test-contents d-none">
<div class="info">
<h4>@Test01_03</h4>
<span status="fail" class='badge log badge-danger'>3 failed</span>
</div>
<table class='table table-sm mt-4'>
<thead>
<tr>
<th class="status-col">Status</th>
<th class="timestamp-col">Timestamp</th>
<th>TestName</th>
</tr>
</thead>
<tbody>
<tr class="tag-test-status" status="fail">
<td><span class="badge log fail-bg">Fail</span></td>
<td>15:40:25 pm</td>
<td>
<a href="#" class="linked" test-id='2' id='3'>TO VERIFY CONTINUE AND CREATE ACCOUNT BUTTONS ARE DISPLAYED AND ENABLED</a>
<div class="">
<span class="badge badge-default">check various functionality of Amazon in Chrome Browser.TO VERIFY CONTINUE AND CREATE ACCOUNT BUTTONS ARE DISPLAYED AND ENABLED</span>
</div>
</td>
</tr>
<tr class="tag-test-status" status="fail">
<td><span class="badge log fail-bg">Fail</span></td>
<td>15:40:25 pm</td>
<td>
<a href="#" class="linked" test-id='1' id='8'>TO VERIFY CONTINUE AND CREATE ACCOUNT BUTTONS ARE DISPLAYED AND ENABLED</a>
<div class="">
<span class="badge badge-default">check various functionality of Amazon in Edge Browser.TO VERIFY CONTINUE AND CREATE ACCOUNT BUTTONS ARE DISPLAYED AND ENABLED</span>
</div>
</td>
</tr>
<tr class="tag-test-status" status="fail">
<td><span class="badge log fail-bg">Fail</span></td>
<td>15:40:25 pm</td>
<td>
<a href="#" class="linked" test-id='1' id='22'>TO VERIFY CONTINUE AND CREATE ACCOUNT BUTTONS ARE DISPLAYED AND ENABLED</a>
<div class="">
<span class="badge badge-default">check various functionality of Amazon in Edge Browser.TO VERIFY CONTINUE AND CREATE ACCOUNT BUTTONS ARE DISPLAYED AND ENABLED</span>
</div>
</td>
</tr>
</tbody>
</table>
</div>
</li>
</ul>
</div>
</div>
<div class="test-content scrollable">
<div class="test-content-detail">
<div class="detail-body"></div>
</div>
</div>
</div><div class="container-fluid p-4 view dashboard-view">
<div class="row">
<div class="col-md-3">
<div class="card"><div class="card-body">
<p class="m-b-0">Started</p>
<h3>Jan 7, 2022 03:40:23 pm</h3>
</div></div>
</div>
<div class="col-md-3">
<div class="card"><div class="card-body">
<p class="m-b-0">Ended</p>
<h3>Jan 7, 2022 03:44:06 pm</h3>
</div></div>
</div>
<div class="col-md-3">
<div class="card"><div class="card-body">
<p class="m-b-0 text-pass">Features Passed</p>
<h3>0</h3>
</div></div>
</div>
<div class="col-md-3">
<div class="card"><div class="card-body">
<p class="m-b-0 text-fail">Features Failed</p>
<h3>2</h3>
</div></div>
</div>
</div>
<div class="row">
<div class="col-md-4">
<div class="card">
<div class="card-header">
<h6 class="card-title">Features</h6>
</div>
<div class="card-body">
<div class="">
<canvas id='parent-analysis' width='115' height='90'></canvas>
</div>
</div>
<div class="card-footer">
<div><small data-tooltip='0%'>
<b>0</b> features passed
</small>
</div>
<div>
<small data-tooltip='100%'><b>2</b> features failed,
<b>0</b> skipped, <b data-tooltip='0%'>0</b> others
</small>
</div>
</div>
</div>
</div>
<div class="col-md-4">
<div class="card">
<div class="card-header">
<h6 class="card-title">Scenarios</h6>
</div>
<div class="card-body">
<div class="">
<canvas id='child-analysis' width='115' height='90'></canvas>
</div>
</div>
<div class="card-footer">
<div><small data-tooltip='0%'><b>0</b> scenarios passed</small></div>
<div>
<small data-tooltip='100%'><b>18</b> scenarios failed,
<b>0</b> skipped, <b data-tooltip='%'>0</b> others
</small>
</div>
</div>
</div>
</div>
<div class="col-md-4">
<div class="card">
<div class="card-header">
<h6 class="card-title">Steps</h6>
</div>
<div class="card-body">
<div class="">
<canvas id='grandchild-analysis' width='115' height='90'></canvas>
</div>
</div>
<div class="card-footer">
<div><small data-tooltip='25%'><b>33</b> steps passed</small></div>
<div>
<small data-tooltip='13%'><b>18</b> steps failed,
<b>81</b> skipped, <b data-tooltip='%'>0</b> others
</small>
</div>
</div>
</div>
</div>
</div>
<div class="row"><div class="col-md-12">
<div class="card"><div class="card-header"><p>Timeline</p></div>
<div class="card-body pt-0"><div>
<canvas id="timeline" height="120"></canvas>
</div></div>
</div>
</div></div>
<script>
var timeline = {
"check various functionality of Amazon in Chrome Browser":195.956,"check various functionality of Amazon in Edge Browser":220.55
};
</script>
<div class="row">
<div class="col-lg-6 col-md-12 category-container">
<div class="card">
<div class="card-header"><p>Tags</p></div>
<div class="card-body pb-0 pt-0"><table class="table table-sm table-bordered">
<thead><tr class="bg-gray"><th>Name</th><th>Passed</th><th>Failed</th><th>Skipped</th><th>Others</th><th>Passed %</th></tr></thead><tbody>
<tr>
<td>@Feature01</td>
<td>0</td>
<td>18</td>
<td>0</td>
<td>0</td>
<td>0%</td>
</tr>
<tr>
<td>@Test01_04</td>
<td>0</td>
<td>3</td>
<td>0</td>
<td>0</td>
<td>0%</td>
</tr>
<tr>
<td>@Test01_02</td>
<td>0</td>
<td>3</td>
<td>0</td>
<td>0</td>
<td>0%</td>
</tr>
<tr>
<td>@Test01_01</td>
<td>0</td>
<td>3</td>
<td>0</td>
<td>0</td>
<td>0%</td>
</tr>
<tr>
<td>@Scenario01</td>
<td>0</td>
<td>18</td>
<td>0</td>
<td>0</td>
<td>0%</td>
</tr>
<tr>
<td>@Test01_05</td>
<td>0</td>
<td>3</td>
<td>0</td>
<td>0</td>
<td>0%</td>
</tr>
<tr>
<td>@Test01_06</td>
<td>0</td>
<td>3</td>
<td>0</td>
<td>0</td>
<td>0%</td>
</tr>
<tr>
<td>@Test01_03</td>
<td>0</td>
<td>3</td>
<td>0</td>
<td>0</td>
<td>0%</td>
</tr>
</tbody>
</table></div>
</div>
</div>
</div>
</div>
<script>
var statusGroup = {
parentCount: 5,
passParent: 0,
failParent: 2,
warningParent: 0,
skipParent: 0,
childCount: 5,
passChild: 0,
failChild: 18,
warningChild: 0,
skipChild: 0,
infoChild: 0,
grandChildCount: 5,
passGrandChild: 33,
failGrandChild: 18,
warningGrandChild: 0,
skipGrandChild: 81,
infoGrandChild: 0,
eventsCount: 5,
};
</script>        </div>
      </div>
    </div>
  </div>
<script src="https://cdn.jsdelivr.net/gh/extent-framework/extent-github-cdn@d6562a79075e061305ccfdb82f01e5e195e2d307/spark/js/spark-script.js"></script>
<script type="text/javascript"></script></body>
</html>